<?xml version="1.0" encoding="UTF-8"?>
<testsuite name="software.jevera.service.RatingServiceTest" tests="5" skipped="0" failures="0" errors="0" timestamp="2019-04-06T20:39:38" hostname="Vlad" time="0.01">
  <properties/>
  <testcase name="ratingNotFound" classname="software.jevera.service.RatingServiceTest" time="0.001"/>
  <testcase name="assortmentGetRating" classname="software.jevera.service.RatingServiceTest" time="0.001"/>
  <testcase name="delete" classname="software.jevera.service.RatingServiceTest" time="0.001"/>
  <testcase name="addRating" classname="software.jevera.service.RatingServiceTest" time="0.001"/>
  <testcase name="getUserRating" classname="software.jevera.service.RatingServiceTest" time="0.001"/>
  <system-out><![CDATA[]]></system-out>
  <system-err><![CDATA[]]></system-err>
</testsuite>
