<?xml version="1.0" encoding="UTF-8"?>
<testsuite name="software.jevera.service.UserServiceTest" tests="4" skipped="0" failures="0" errors="0" timestamp="2019-03-20T23:10:34" hostname="Vlad" time="0.039">
  <properties/>
  <testcase name="registerUser" classname="software.jevera.service.UserServiceTest" time="0.029"/>
  <testcase name="userAlreadyExists" classname="software.jevera.service.UserServiceTest" time="0.002"/>
  <testcase name="invalidPassTest" classname="software.jevera.service.UserServiceTest" time="0.005"/>
  <testcase name="invalidLoginTest" classname="software.jevera.service.UserServiceTest" time="0.001"/>
  <system-out><![CDATA[]]></system-out>
  <system-err><![CDATA[]]></system-err>
</testsuite>
