<?xml version="1.0" encoding="UTF-8"?>
<testsuite name="software.jevera.dao.impl.RatingImplRepositoryTest" tests="1" skipped="0" failures="0" errors="0" timestamp="2019-04-06T20:39:37" hostname="Vlad" time="0.173">
  <properties/>
  <testcase name="save" classname="software.jevera.dao.impl.RatingImplRepositoryTest" time="0.173"/>
  <system-out><![CDATA[[[Rating(id=1, author=User(login=1, password=11), text=Text, assortment=Assortment(id=1, name=name1, description=null, price=1, ratings=[], status=NEW, kind=null, buyer=null, saler=User(login=saler1, password=saler))), Rating(id=2, author=User(login=2, password=22), text=Text2, assortment=Assortment(id=2, name=name2, description=null, price=2, ratings=[], status=NEW, kind=null, buyer=null, saler=User(login=saler2, password=saler))), Rating(id=3, author=User(login=3, password=33), text=Text3, assortment=Assortment(id=3, name=name3, description=null, price=3, ratings=[], status=NEW, kind=null, buyer=null, saler=User(login=saler3, password=saler)))]]
]]></system-out>
  <system-err><![CDATA[]]></system-err>
</testsuite>
