<?xml version="1.0" encoding="UTF-8"?>
<testsuite name="software.jevera.dao.impl.UserImplRepositoryTest" tests="3" skipped="0" failures="0" errors="0" timestamp="2019-04-08T16:04:11" hostname="Vlad" time="0.016">
  <properties/>
  <testcase name="save" classname="software.jevera.dao.impl.UserImplRepositoryTest" time="0.001"/>
  <testcase name="findUserByLogin" classname="software.jevera.dao.impl.UserImplRepositoryTest" time="0.004"/>
  <testcase name="isUserAlreadyExist" classname="software.jevera.dao.impl.UserImplRepositoryTest" time="0.005"/>
  <system-out><![CDATA[]]></system-out>
  <system-err><![CDATA[]]></system-err>
</testsuite>
