<?xml version="1.0" encoding="UTF-8"?>
<testsuite name="software.jevera.dao.impl.AssortmentImplRepositoryTest" tests="2" skipped="0" failures="0" errors="0" timestamp="2019-04-06T20:39:37" hostname="Vlad" time="0.011">
  <properties/>
  <testcase name="findByUSer" classname="software.jevera.dao.impl.AssortmentImplRepositoryTest" time="0.009"/>
  <testcase name="save" classname="software.jevera.dao.impl.AssortmentImplRepositoryTest" time="0.001"/>
  <system-out><![CDATA[]]></system-out>
  <system-err><![CDATA[]]></system-err>
</testsuite>
