<?xml version="1.0" encoding="UTF-8"?>
<testsuite name="software.jevera.service.AssortmentServiceTest" tests="7" skipped="0" failures="0" errors="0" timestamp="2019-04-07T19:40:59" hostname="Vlad" time="0.204">
  <properties/>
  <testcase name="favorites" classname="software.jevera.service.AssortmentServiceTest" time="0.076"/>
  <testcase name="remove" classname="software.jevera.service.AssortmentServiceTest" time="0.011"/>
  <testcase name="upload" classname="software.jevera.service.AssortmentServiceTest" time="0.016"/>
  <testcase name="createAssortment" classname="software.jevera.service.AssortmentServiceTest" time="0.01"/>
  <testcase name="sales" classname="software.jevera.service.AssortmentServiceTest" time="0.013"/>
  <testcase name="inTheBasket" classname="software.jevera.service.AssortmentServiceTest" time="0.011"/>
  <testcase name="allAssortment" classname="software.jevera.service.AssortmentServiceTest" time="0.013"/>
  <system-out><![CDATA[22:40:58.198 [Test worker] DEBUG org.springframework.test.context.junit4.SpringJUnit4ClassRunner - SpringJUnit4ClassRunner constructor called with [class software.jevera.service.AssortmentServiceTest]
22:40:58.216 [Test worker] DEBUG org.springframework.test.context.BootstrapUtils - Instantiating CacheAwareContextLoaderDelegate from class [org.springframework.test.context.cache.DefaultCacheAwareContextLoaderDelegate]
22:40:58.231 [Test worker] DEBUG org.springframework.test.context.BootstrapUtils - Instantiating BootstrapContext using constructor [public org.springframework.test.context.support.DefaultBootstrapContext(java.lang.Class,org.springframework.test.context.CacheAwareContextLoaderDelegate)]
22:40:58.248 [Test worker] DEBUG org.springframework.test.context.BootstrapUtils - Instantiating TestContextBootstrapper for test class [software.jevera.service.AssortmentServiceTest] from class [org.springframework.test.context.support.DefaultTestContextBootstrapper]
22:40:58.305 [Test worker] DEBUG org.springframework.test.context.support.AbstractDelegatingSmartContextLoader - Delegating to AnnotationConfigContextLoader to process context configuration [ContextConfigurationAttributes@144043e4 declaringClass = 'software.jevera.service.AssortmentServiceTest', classes = '{class software.jevera.service.AssortmentService, class software.jevera.service.assortment.StateMachine, class software.jevera.service.assortment.New, class software.jevera.service.assortment.Upload, class software.jevera.service.assortment.InTheBasket, class software.jevera.service.assortment.Favorites, class software.jevera.service.assortment.Sales, class software.jevera.service.assortment.Remove}', locations = '{}', inheritLocations = true, initializers = '{}', inheritInitializers = true, name = [null], contextLoaderClass = 'org.springframework.test.context.ContextLoader'].
22:40:58.725 [Test worker] DEBUG org.springframework.test.context.support.ActiveProfilesUtils - Could not find an 'annotation declaring class' for annotation type [org.springframework.test.context.ActiveProfiles] and class [software.jevera.service.AssortmentServiceTest]
22:40:58.727 [Test worker] DEBUG org.springframework.test.context.support.DefaultTestContextBootstrapper - @TestExecutionListeners is not present for class [software.jevera.service.AssortmentServiceTest]: using defaults.
22:40:58.728 [Test worker] INFO org.springframework.test.context.support.DefaultTestContextBootstrapper - Loaded default TestExecutionListener class names from location [META-INF/spring.factories]: [org.springframework.boot.test.autoconfigure.restdocs.RestDocsTestExecutionListener, org.springframework.boot.test.autoconfigure.web.client.MockRestServiceServerResetTestExecutionListener, org.springframework.boot.test.autoconfigure.web.servlet.MockMvcPrintOnlyOnFailureTestExecutionListener, org.springframework.boot.test.autoconfigure.web.servlet.WebDriverTestExecutionListener, org.springframework.boot.test.mock.mockito.MockitoTestExecutionListener, org.springframework.boot.test.mock.mockito.ResetMocksTestExecutionListener, org.springframework.test.context.web.ServletTestExecutionListener, org.springframework.test.context.support.DirtiesContextBeforeModesTestExecutionListener, org.springframework.test.context.support.DependencyInjectionTestExecutionListener, org.springframework.test.context.support.DirtiesContextTestExecutionListener, org.springframework.test.context.transaction.TransactionalTestExecutionListener, org.springframework.test.context.jdbc.SqlScriptsTestExecutionListener]
22:40:58.745 [Test worker] DEBUG org.springframework.test.context.support.DefaultTestContextBootstrapper - Skipping candidate TestExecutionListener [org.springframework.test.context.transaction.TransactionalTestExecutionListener] due to a missing dependency. Specify custom listener classes or make the default listener classes and their required dependencies available. Offending class: [org/springframework/transaction/interceptor/TransactionAttributeSource]
22:40:58.746 [Test worker] DEBUG org.springframework.test.context.support.DefaultTestContextBootstrapper - Skipping candidate TestExecutionListener [org.springframework.test.context.jdbc.SqlScriptsTestExecutionListener] due to a missing dependency. Specify custom listener classes or make the default listener classes and their required dependencies available. Offending class: [org/springframework/transaction/interceptor/TransactionAttribute]
22:40:58.747 [Test worker] INFO org.springframework.test.context.support.DefaultTestContextBootstrapper - Using TestExecutionListeners: [org.springframework.test.context.web.ServletTestExecutionListener@fb0b36e, org.springframework.test.context.support.DirtiesContextBeforeModesTestExecutionListener@78cbd21a, org.springframework.boot.test.mock.mockito.MockitoTestExecutionListener@2acd6741, org.springframework.test.context.support.DependencyInjectionTestExecutionListener@5bfd92a, org.springframework.test.context.support.DirtiesContextTestExecutionListener@f1e3130, org.springframework.boot.test.autoconfigure.restdocs.RestDocsTestExecutionListener@29e379cb, org.springframework.boot.test.autoconfigure.web.client.MockRestServiceServerResetTestExecutionListener@6855e4d9, org.springframework.boot.test.autoconfigure.web.servlet.MockMvcPrintOnlyOnFailureTestExecutionListener@13d81670, org.springframework.boot.test.autoconfigure.web.servlet.WebDriverTestExecutionListener@6d31228a, org.springframework.boot.test.mock.mockito.ResetMocksTestExecutionListener@5f2e33c6]
22:40:58.784 [Test worker] DEBUG org.springframework.test.annotation.ProfileValueUtils - Retrieved @ProfileValueSourceConfiguration [null] for test class [software.jevera.service.AssortmentServiceTest]
22:40:58.784 [Test worker] DEBUG org.springframework.test.annotation.ProfileValueUtils - Retrieved ProfileValueSource type [class org.springframework.test.annotation.SystemProfileValueSource] for class [software.jevera.service.AssortmentServiceTest]
22:40:58.785 [Test worker] DEBUG org.springframework.test.annotation.ProfileValueUtils - Retrieved @ProfileValueSourceConfiguration [null] for test class [software.jevera.service.AssortmentServiceTest]
22:40:58.785 [Test worker] DEBUG org.springframework.test.annotation.ProfileValueUtils - Retrieved ProfileValueSource type [class org.springframework.test.annotation.SystemProfileValueSource] for class [software.jevera.service.AssortmentServiceTest]
22:40:58.788 [Test worker] DEBUG org.springframework.test.context.support.AbstractDirtiesContextTestExecutionListener - Before test class: context [DefaultTestContext@6d2642ce testClass = AssortmentServiceTest, testInstance = [null], testMethod = [null], testException = [null], mergedContextConfiguration = [MergedContextConfiguration@10f4c29e testClass = AssortmentServiceTest, locations = '{}', classes = '{class software.jevera.service.AssortmentService, class software.jevera.service.assortment.StateMachine, class software.jevera.service.assortment.New, class software.jevera.service.assortment.Upload, class software.jevera.service.assortment.InTheBasket, class software.jevera.service.assortment.Favorites, class software.jevera.service.assortment.Sales, class software.jevera.service.assortment.Remove}', contextInitializerClasses = '[]', activeProfiles = '{}', propertySourceLocations = '{}', propertySourceProperties = '{}', contextCustomizers = set[org.springframework.boot.test.autoconfigure.properties.PropertyMappingContextCustomizer@0, org.springframework.boot.test.autoconfigure.web.servlet.WebDriverContextCustomizerFactory$Customizer@46372921, org.springframework.boot.test.context.filter.ExcludeFilterContextCustomizer@4da826fa, org.springframework.boot.test.json.DuplicateJsonObjectContextCustomizerFactory$DuplicateJsonObjectContextCustomizer@6765aa49, org.springframework.boot.test.mock.mockito.MockitoContextCustomizer@5e28ccfd], contextLoader = 'org.springframework.test.context.support.DelegatingSmartContextLoader', parent = [null]], attributes = map[[empty]]], class annotated with @DirtiesContext [false] with mode [null].
22:40:58.789 [Test worker] DEBUG org.springframework.test.annotation.ProfileValueUtils - Retrieved @ProfileValueSourceConfiguration [null] for test class [software.jevera.service.AssortmentServiceTest]
22:40:58.789 [Test worker] DEBUG org.springframework.test.annotation.ProfileValueUtils - Retrieved ProfileValueSource type [class org.springframework.test.annotation.SystemProfileValueSource] for class [software.jevera.service.AssortmentServiceTest]
22:40:58.801 [Test worker] DEBUG org.springframework.test.context.support.AbstractDelegatingSmartContextLoader - Delegating to AnnotationConfigContextLoader to load context from [MergedContextConfiguration@10f4c29e testClass = AssortmentServiceTest, locations = '{}', classes = '{class software.jevera.service.AssortmentService, class software.jevera.service.assortment.StateMachine, class software.jevera.service.assortment.New, class software.jevera.service.assortment.Upload, class software.jevera.service.assortment.InTheBasket, class software.jevera.service.assortment.Favorites, class software.jevera.service.assortment.Sales, class software.jevera.service.assortment.Remove}', contextInitializerClasses = '[]', activeProfiles = '{}', propertySourceLocations = '{}', propertySourceProperties = '{}', contextCustomizers = set[org.springframework.boot.test.autoconfigure.properties.PropertyMappingContextCustomizer@0, org.springframework.boot.test.autoconfigure.web.servlet.WebDriverContextCustomizerFactory$Customizer@46372921, org.springframework.boot.test.context.filter.ExcludeFilterContextCustomizer@4da826fa, org.springframework.boot.test.json.DuplicateJsonObjectContextCustomizerFactory$DuplicateJsonObjectContextCustomizer@6765aa49, org.springframework.boot.test.mock.mockito.MockitoContextCustomizer@5e28ccfd], contextLoader = 'org.springframework.test.context.support.DelegatingSmartContextLoader', parent = [null]].
22:40:58.802 [Test worker] DEBUG org.springframework.test.context.support.AbstractGenericContextLoader - Loading ApplicationContext for merged context configuration [[MergedContextConfiguration@10f4c29e testClass = AssortmentServiceTest, locations = '{}', classes = '{class software.jevera.service.AssortmentService, class software.jevera.service.assortment.StateMachine, class software.jevera.service.assortment.New, class software.jevera.service.assortment.Upload, class software.jevera.service.assortment.InTheBasket, class software.jevera.service.assortment.Favorites, class software.jevera.service.assortment.Sales, class software.jevera.service.assortment.Remove}', contextInitializerClasses = '[]', activeProfiles = '{}', propertySourceLocations = '{}', propertySourceProperties = '{}', contextCustomizers = set[org.springframework.boot.test.autoconfigure.properties.PropertyMappingContextCustomizer@0, org.springframework.boot.test.autoconfigure.web.servlet.WebDriverContextCustomizerFactory$Customizer@46372921, org.springframework.boot.test.context.filter.ExcludeFilterContextCustomizer@4da826fa, org.springframework.boot.test.json.DuplicateJsonObjectContextCustomizerFactory$DuplicateJsonObjectContextCustomizer@6765aa49, org.springframework.boot.test.mock.mockito.MockitoContextCustomizer@5e28ccfd], contextLoader = 'org.springframework.test.context.support.DelegatingSmartContextLoader', parent = [null]]].
22:40:58.878 [Test worker] DEBUG org.springframework.core.env.StandardEnvironment - Activating profiles []
22:40:58.878 [Test worker] DEBUG org.springframework.test.context.support.AnnotationConfigContextLoader - Registering annotated classes: {class software.jevera.service.AssortmentService, class software.jevera.service.assortment.StateMachine, class software.jevera.service.assortment.New, class software.jevera.service.assortment.Upload, class software.jevera.service.assortment.InTheBasket, class software.jevera.service.assortment.Favorites, class software.jevera.service.assortment.Sales, class software.jevera.service.assortment.Remove}
22:40:58.936 [Test worker] DEBUG org.springframework.context.support.GenericApplicationContext - Refreshing org.springframework.context.support.GenericApplicationContext@b4c6957
22:40:58.973 [Test worker] DEBUG org.springframework.beans.factory.support.DefaultListableBeanFactory - Creating shared instance of singleton bean 'org.springframework.context.annotation.internalConfigurationAnnotationProcessor'
22:40:59.065 [Test worker] DEBUG org.springframework.beans.factory.support.DefaultListableBeanFactory - Creating shared instance of singleton bean 'org.springframework.boot.test.mock.mockito.MockitoPostProcessor'
22:40:59.382 [Test worker] DEBUG org.springframework.beans.factory.support.DefaultListableBeanFactory - Creating shared instance of singleton bean 'org.springframework.context.event.internalEventListenerProcessor'
22:40:59.384 [Test worker] DEBUG org.springframework.beans.factory.support.DefaultListableBeanFactory - Creating shared instance of singleton bean 'org.springframework.context.event.internalEventListenerFactory'
22:40:59.386 [Test worker] DEBUG org.springframework.beans.factory.support.DefaultListableBeanFactory - Creating shared instance of singleton bean 'org.springframework.context.annotation.internalAutowiredAnnotationProcessor'
22:40:59.387 [Test worker] DEBUG org.springframework.beans.factory.support.DefaultListableBeanFactory - Creating shared instance of singleton bean 'org.springframework.context.annotation.internalCommonAnnotationProcessor'
22:40:59.393 [Test worker] DEBUG org.springframework.beans.factory.support.DefaultListableBeanFactory - Creating shared instance of singleton bean 'org.springframework.boot.test.mock.mockito.MockitoPostProcessor$SpyPostProcessor'
22:40:59.412 [Test worker] DEBUG org.springframework.beans.factory.support.DefaultListableBeanFactory - Creating shared instance of singleton bean 'assortmentService'
22:40:59.459 [Test worker] DEBUG org.springframework.beans.factory.support.DefaultListableBeanFactory - Creating shared instance of singleton bean 'stateMachine'
22:40:59.463 [Test worker] DEBUG org.springframework.beans.factory.support.DefaultListableBeanFactory - Creating shared instance of singleton bean 'new'
22:40:59.475 [Test worker] DEBUG org.springframework.beans.factory.support.DefaultListableBeanFactory - Creating shared instance of singleton bean 'upload'
22:40:59.486 [Test worker] DEBUG org.springframework.beans.factory.support.DefaultListableBeanFactory - Creating shared instance of singleton bean 'inTheBasket'
22:40:59.490 [Test worker] DEBUG org.springframework.beans.factory.support.DefaultListableBeanFactory - Creating shared instance of singleton bean 'favorites'
22:40:59.499 [Test worker] DEBUG org.springframework.beans.factory.support.DefaultListableBeanFactory - Creating shared instance of singleton bean 'sales'
22:40:59.504 [Test worker] DEBUG org.springframework.beans.factory.support.DefaultListableBeanFactory - Creating shared instance of singleton bean 'remove'
22:40:59.523 [Test worker] DEBUG org.springframework.beans.factory.support.DefaultListableBeanFactory - Autowiring by type from bean name 'stateMachine' via constructor to bean named 'new'
22:40:59.523 [Test worker] DEBUG org.springframework.beans.factory.support.DefaultListableBeanFactory - Autowiring by type from bean name 'stateMachine' via constructor to bean named 'upload'
22:40:59.524 [Test worker] DEBUG org.springframework.beans.factory.support.DefaultListableBeanFactory - Autowiring by type from bean name 'stateMachine' via constructor to bean named 'inTheBasket'
22:40:59.524 [Test worker] DEBUG org.springframework.beans.factory.support.DefaultListableBeanFactory - Autowiring by type from bean name 'stateMachine' via constructor to bean named 'favorites'
22:40:59.525 [Test worker] DEBUG org.springframework.beans.factory.support.DefaultListableBeanFactory - Autowiring by type from bean name 'stateMachine' via constructor to bean named 'sales'
22:40:59.525 [Test worker] DEBUG org.springframework.beans.factory.support.DefaultListableBeanFactory - Autowiring by type from bean name 'stateMachine' via constructor to bean named 'remove'
22:40:59.558 [Test worker] DEBUG org.springframework.test.context.cache.DefaultCacheAwareContextLoaderDelegate - Storing ApplicationContext in cache under key [[MergedContextConfiguration@10f4c29e testClass = AssortmentServiceTest, locations = '{}', classes = '{class software.jevera.service.AssortmentService, class software.jevera.service.assortment.StateMachine, class software.jevera.service.assortment.New, class software.jevera.service.assortment.Upload, class software.jevera.service.assortment.InTheBasket, class software.jevera.service.assortment.Favorites, class software.jevera.service.assortment.Sales, class software.jevera.service.assortment.Remove}', contextInitializerClasses = '[]', activeProfiles = '{}', propertySourceLocations = '{}', propertySourceProperties = '{}', contextCustomizers = set[org.springframework.boot.test.autoconfigure.properties.PropertyMappingContextCustomizer@0, org.springframework.boot.test.autoconfigure.web.servlet.WebDriverContextCustomizerFactory$Customizer@46372921, org.springframework.boot.test.context.filter.ExcludeFilterContextCustomizer@4da826fa, org.springframework.boot.test.json.DuplicateJsonObjectContextCustomizerFactory$DuplicateJsonObjectContextCustomizer@6765aa49, org.springframework.boot.test.mock.mockito.MockitoContextCustomizer@5e28ccfd], contextLoader = 'org.springframework.test.context.support.DelegatingSmartContextLoader', parent = [null]]]
22:40:59.559 [Test worker] DEBUG org.springframework.test.context.cache - Spring test ApplicationContext cache statistics: [DefaultContextCache@2dfedaa0 size = 1, maxSize = 32, parentContextCount = 0, hitCount = 0, missCount = 1]
22:40:59.561 [Test worker] DEBUG org.springframework.test.context.support.DependencyInjectionTestExecutionListener - Performing dependency injection for test context [[DefaultTestContext@6d2642ce testClass = AssortmentServiceTest, testInstance = software.jevera.service.AssortmentServiceTest@1818e15d, testMethod = [null], testException = [null], mergedContextConfiguration = [MergedContextConfiguration@10f4c29e testClass = AssortmentServiceTest, locations = '{}', classes = '{class software.jevera.service.AssortmentService, class software.jevera.service.assortment.StateMachine, class software.jevera.service.assortment.New, class software.jevera.service.assortment.Upload, class software.jevera.service.assortment.InTheBasket, class software.jevera.service.assortment.Favorites, class software.jevera.service.assortment.Sales, class software.jevera.service.assortment.Remove}', contextInitializerClasses = '[]', activeProfiles = '{}', propertySourceLocations = '{}', propertySourceProperties = '{}', contextCustomizers = set[org.springframework.boot.test.autoconfigure.properties.PropertyMappingContextCustomizer@0, org.springframework.boot.test.autoconfigure.web.servlet.WebDriverContextCustomizerFactory$Customizer@46372921, org.springframework.boot.test.context.filter.ExcludeFilterContextCustomizer@4da826fa, org.springframework.boot.test.json.DuplicateJsonObjectContextCustomizerFactory$DuplicateJsonObjectContextCustomizer@6765aa49, org.springframework.boot.test.mock.mockito.MockitoContextCustomizer@5e28ccfd], contextLoader = 'org.springframework.test.context.support.DelegatingSmartContextLoader', parent = [null]], attributes = map[[empty]]]].
22:40:59.562 [Test worker] DEBUG org.springframework.test.context.cache.DefaultCacheAwareContextLoaderDelegate - Retrieved ApplicationContext from cache with key [[MergedContextConfiguration@10f4c29e testClass = AssortmentServiceTest, locations = '{}', classes = '{class software.jevera.service.AssortmentService, class software.jevera.service.assortment.StateMachine, class software.jevera.service.assortment.New, class software.jevera.service.assortment.Upload, class software.jevera.service.assortment.InTheBasket, class software.jevera.service.assortment.Favorites, class software.jevera.service.assortment.Sales, class software.jevera.service.assortment.Remove}', contextInitializerClasses = '[]', activeProfiles = '{}', propertySourceLocations = '{}', propertySourceProperties = '{}', contextCustomizers = set[org.springframework.boot.test.autoconfigure.properties.PropertyMappingContextCustomizer@0, org.springframework.boot.test.autoconfigure.web.servlet.WebDriverContextCustomizerFactory$Customizer@46372921, org.springframework.boot.test.context.filter.ExcludeFilterContextCustomizer@4da826fa, org.springframework.boot.test.json.DuplicateJsonObjectContextCustomizerFactory$DuplicateJsonObjectContextCustomizer@6765aa49, org.springframework.boot.test.mock.mockito.MockitoContextCustomizer@5e28ccfd], contextLoader = 'org.springframework.test.context.support.DelegatingSmartContextLoader', parent = [null]]]
22:40:59.562 [Test worker] DEBUG org.springframework.test.context.cache - Spring test ApplicationContext cache statistics: [DefaultContextCache@2dfedaa0 size = 1, maxSize = 32, parentContextCount = 0, hitCount = 1, missCount = 1]
22:40:59.576 [Test worker] DEBUG org.springframework.test.context.support.AbstractDirtiesContextTestExecutionListener - Before test method: context [DefaultTestContext@6d2642ce testClass = AssortmentServiceTest, testInstance = software.jevera.service.AssortmentServiceTest@1818e15d, testMethod = favorites@AssortmentServiceTest, testException = [null], mergedContextConfiguration = [MergedContextConfiguration@10f4c29e testClass = AssortmentServiceTest, locations = '{}', classes = '{class software.jevera.service.AssortmentService, class software.jevera.service.assortment.StateMachine, class software.jevera.service.assortment.New, class software.jevera.service.assortment.Upload, class software.jevera.service.assortment.InTheBasket, class software.jevera.service.assortment.Favorites, class software.jevera.service.assortment.Sales, class software.jevera.service.assortment.Remove}', contextInitializerClasses = '[]', activeProfiles = '{}', propertySourceLocations = '{}', propertySourceProperties = '{}', contextCustomizers = set[org.springframework.boot.test.autoconfigure.properties.PropertyMappingContextCustomizer@0, org.springframework.boot.test.autoconfigure.web.servlet.WebDriverContextCustomizerFactory$Customizer@46372921, org.springframework.boot.test.context.filter.ExcludeFilterContextCustomizer@4da826fa, org.springframework.boot.test.json.DuplicateJsonObjectContextCustomizerFactory$DuplicateJsonObjectContextCustomizer@6765aa49, org.springframework.boot.test.mock.mockito.MockitoContextCustomizer@5e28ccfd], contextLoader = 'org.springframework.test.context.support.DelegatingSmartContextLoader', parent = [null]], attributes = map[[empty]]], class annotated with @DirtiesContext [false] with mode [null], method annotated with @DirtiesContext [false] with mode [null].
22:40:59.578 [Test worker] DEBUG org.springframework.test.context.cache.DefaultCacheAwareContextLoaderDelegate - Retrieved ApplicationContext from cache with key [[MergedContextConfiguration@10f4c29e testClass = AssortmentServiceTest, locations = '{}', classes = '{class software.jevera.service.AssortmentService, class software.jevera.service.assortment.StateMachine, class software.jevera.service.assortment.New, class software.jevera.service.assortment.Upload, class software.jevera.service.assortment.InTheBasket, class software.jevera.service.assortment.Favorites, class software.jevera.service.assortment.Sales, class software.jevera.service.assortment.Remove}', contextInitializerClasses = '[]', activeProfiles = '{}', propertySourceLocations = '{}', propertySourceProperties = '{}', contextCustomizers = set[org.springframework.boot.test.autoconfigure.properties.PropertyMappingContextCustomizer@0, org.springframework.boot.test.autoconfigure.web.servlet.WebDriverContextCustomizerFactory$Customizer@46372921, org.springframework.boot.test.context.filter.ExcludeFilterContextCustomizer@4da826fa, org.springframework.boot.test.json.DuplicateJsonObjectContextCustomizerFactory$DuplicateJsonObjectContextCustomizer@6765aa49, org.springframework.boot.test.mock.mockito.MockitoContextCustomizer@5e28ccfd], contextLoader = 'org.springframework.test.context.support.DelegatingSmartContextLoader', parent = [null]]]
22:40:59.578 [Test worker] DEBUG org.springframework.test.context.cache - Spring test ApplicationContext cache statistics: [DefaultContextCache@2dfedaa0 size = 1, maxSize = 32, parentContextCount = 0, hitCount = 2, missCount = 1]
22:40:59.643 [Test worker] DEBUG org.springframework.test.context.cache.DefaultCacheAwareContextLoaderDelegate - Retrieved ApplicationContext from cache with key [[MergedContextConfiguration@10f4c29e testClass = AssortmentServiceTest, locations = '{}', classes = '{class software.jevera.service.AssortmentService, class software.jevera.service.assortment.StateMachine, class software.jevera.service.assortment.New, class software.jevera.service.assortment.Upload, class software.jevera.service.assortment.InTheBasket, class software.jevera.service.assortment.Favorites, class software.jevera.service.assortment.Sales, class software.jevera.service.assortment.Remove}', contextInitializerClasses = '[]', activeProfiles = '{}', propertySourceLocations = '{}', propertySourceProperties = '{}', contextCustomizers = set[org.springframework.boot.test.autoconfigure.properties.PropertyMappingContextCustomizer@0, org.springframework.boot.test.autoconfigure.web.servlet.WebDriverContextCustomizerFactory$Customizer@46372921, org.springframework.boot.test.context.filter.ExcludeFilterContextCustomizer@4da826fa, org.springframework.boot.test.json.DuplicateJsonObjectContextCustomizerFactory$DuplicateJsonObjectContextCustomizer@6765aa49, org.springframework.boot.test.mock.mockito.MockitoContextCustomizer@5e28ccfd], contextLoader = 'org.springframework.test.context.support.DelegatingSmartContextLoader', parent = [null]]]
22:40:59.644 [Test worker] DEBUG org.springframework.test.context.cache - Spring test ApplicationContext cache statistics: [DefaultContextCache@2dfedaa0 size = 1, maxSize = 32, parentContextCount = 0, hitCount = 3, missCount = 1]
22:40:59.645 [Test worker] DEBUG org.springframework.test.context.cache.DefaultCacheAwareContextLoaderDelegate - Retrieved ApplicationContext from cache with key [[MergedContextConfiguration@10f4c29e testClass = AssortmentServiceTest, locations = '{}', classes = '{class software.jevera.service.AssortmentService, class software.jevera.service.assortment.StateMachine, class software.jevera.service.assortment.New, class software.jevera.service.assortment.Upload, class software.jevera.service.assortment.InTheBasket, class software.jevera.service.assortment.Favorites, class software.jevera.service.assortment.Sales, class software.jevera.service.assortment.Remove}', contextInitializerClasses = '[]', activeProfiles = '{}', propertySourceLocations = '{}', propertySourceProperties = '{}', contextCustomizers = set[org.springframework.boot.test.autoconfigure.properties.PropertyMappingContextCustomizer@0, org.springframework.boot.test.autoconfigure.web.servlet.WebDriverContextCustomizerFactory$Customizer@46372921, org.springframework.boot.test.context.filter.ExcludeFilterContextCustomizer@4da826fa, org.springframework.boot.test.json.DuplicateJsonObjectContextCustomizerFactory$DuplicateJsonObjectContextCustomizer@6765aa49, org.springframework.boot.test.mock.mockito.MockitoContextCustomizer@5e28ccfd], contextLoader = 'org.springframework.test.context.support.DelegatingSmartContextLoader', parent = [null]]]
22:40:59.645 [Test worker] DEBUG org.springframework.test.context.cache - Spring test ApplicationContext cache statistics: [DefaultContextCache@2dfedaa0 size = 1, maxSize = 32, parentContextCount = 0, hitCount = 4, missCount = 1]
22:40:59.645 [Test worker] DEBUG org.springframework.test.context.cache.DefaultCacheAwareContextLoaderDelegate - Retrieved ApplicationContext from cache with key [[MergedContextConfiguration@10f4c29e testClass = AssortmentServiceTest, locations = '{}', classes = '{class software.jevera.service.AssortmentService, class software.jevera.service.assortment.StateMachine, class software.jevera.service.assortment.New, class software.jevera.service.assortment.Upload, class software.jevera.service.assortment.InTheBasket, class software.jevera.service.assortment.Favorites, class software.jevera.service.assortment.Sales, class software.jevera.service.assortment.Remove}', contextInitializerClasses = '[]', activeProfiles = '{}', propertySourceLocations = '{}', propertySourceProperties = '{}', contextCustomizers = set[org.springframework.boot.test.autoconfigure.properties.PropertyMappingContextCustomizer@0, org.springframework.boot.test.autoconfigure.web.servlet.WebDriverContextCustomizerFactory$Customizer@46372921, org.springframework.boot.test.context.filter.ExcludeFilterContextCustomizer@4da826fa, org.springframework.boot.test.json.DuplicateJsonObjectContextCustomizerFactory$DuplicateJsonObjectContextCustomizer@6765aa49, org.springframework.boot.test.mock.mockito.MockitoContextCustomizer@5e28ccfd], contextLoader = 'org.springframework.test.context.support.DelegatingSmartContextLoader', parent = [null]]]
22:40:59.646 [Test worker] DEBUG org.springframework.test.context.cache - Spring test ApplicationContext cache statistics: [DefaultContextCache@2dfedaa0 size = 1, maxSize = 32, parentContextCount = 0, hitCount = 5, missCount = 1]
22:40:59.651 [Test worker] DEBUG org.springframework.test.context.support.AbstractDirtiesContextTestExecutionListener - After test method: context [DefaultTestContext@6d2642ce testClass = AssortmentServiceTest, testInstance = software.jevera.service.AssortmentServiceTest@1818e15d, testMethod = favorites@AssortmentServiceTest, testException = [null], mergedContextConfiguration = [MergedContextConfiguration@10f4c29e testClass = AssortmentServiceTest, locations = '{}', classes = '{class software.jevera.service.AssortmentService, class software.jevera.service.assortment.StateMachine, class software.jevera.service.assortment.New, class software.jevera.service.assortment.Upload, class software.jevera.service.assortment.InTheBasket, class software.jevera.service.assortment.Favorites, class software.jevera.service.assortment.Sales, class software.jevera.service.assortment.Remove}', contextInitializerClasses = '[]', activeProfiles = '{}', propertySourceLocations = '{}', propertySourceProperties = '{}', contextCustomizers = set[org.springframework.boot.test.autoconfigure.properties.PropertyMappingContextCustomizer@0, org.springframework.boot.test.autoconfigure.web.servlet.WebDriverContextCustomizerFactory$Customizer@46372921, org.springframework.boot.test.context.filter.ExcludeFilterContextCustomizer@4da826fa, org.springframework.boot.test.json.DuplicateJsonObjectContextCustomizerFactory$DuplicateJsonObjectContextCustomizer@6765aa49, org.springframework.boot.test.mock.mockito.MockitoContextCustomizer@5e28ccfd], contextLoader = 'org.springframework.test.context.support.DelegatingSmartContextLoader', parent = [null]], attributes = map[[empty]]], class annotated with @DirtiesContext [false] with mode [null], method annotated with @DirtiesContext [false] with mode [null].
22:40:59.651 [Test worker] DEBUG org.springframework.test.annotation.ProfileValueUtils - Retrieved @ProfileValueSourceConfiguration [null] for test class [software.jevera.service.AssortmentServiceTest]
22:40:59.651 [Test worker] DEBUG org.springframework.test.annotation.ProfileValueUtils - Retrieved ProfileValueSource type [class org.springframework.test.annotation.SystemProfileValueSource] for class [software.jevera.service.AssortmentServiceTest]
22:40:59.653 [Test worker] DEBUG org.springframework.test.context.cache.DefaultCacheAwareContextLoaderDelegate - Retrieved ApplicationContext from cache with key [[MergedContextConfiguration@10f4c29e testClass = AssortmentServiceTest, locations = '{}', classes = '{class software.jevera.service.AssortmentService, class software.jevera.service.assortment.StateMachine, class software.jevera.service.assortment.New, class software.jevera.service.assortment.Upload, class software.jevera.service.assortment.InTheBasket, class software.jevera.service.assortment.Favorites, class software.jevera.service.assortment.Sales, class software.jevera.service.assortment.Remove}', contextInitializerClasses = '[]', activeProfiles = '{}', propertySourceLocations = '{}', propertySourceProperties = '{}', contextCustomizers = set[org.springframework.boot.test.autoconfigure.properties.PropertyMappingContextCustomizer@0, org.springframework.boot.test.autoconfigure.web.servlet.WebDriverContextCustomizerFactory$Customizer@46372921, org.springframework.boot.test.context.filter.ExcludeFilterContextCustomizer@4da826fa, org.springframework.boot.test.json.DuplicateJsonObjectContextCustomizerFactory$DuplicateJsonObjectContextCustomizer@6765aa49, org.springframework.boot.test.mock.mockito.MockitoContextCustomizer@5e28ccfd], contextLoader = 'org.springframework.test.context.support.DelegatingSmartContextLoader', parent = [null]]]
22:40:59.653 [Test worker] DEBUG org.springframework.test.context.cache - Spring test ApplicationContext cache statistics: [DefaultContextCache@2dfedaa0 size = 1, maxSize = 32, parentContextCount = 0, hitCount = 6, missCount = 1]
22:40:59.653 [Test worker] DEBUG org.springframework.test.context.support.DependencyInjectionTestExecutionListener - Performing dependency injection for test context [[DefaultTestContext@6d2642ce testClass = AssortmentServiceTest, testInstance = software.jevera.service.AssortmentServiceTest@363aeaff, testMethod = [null], testException = [null], mergedContextConfiguration = [MergedContextConfiguration@10f4c29e testClass = AssortmentServiceTest, locations = '{}', classes = '{class software.jevera.service.AssortmentService, class software.jevera.service.assortment.StateMachine, class software.jevera.service.assortment.New, class software.jevera.service.assortment.Upload, class software.jevera.service.assortment.InTheBasket, class software.jevera.service.assortment.Favorites, class software.jevera.service.assortment.Sales, class software.jevera.service.assortment.Remove}', contextInitializerClasses = '[]', activeProfiles = '{}', propertySourceLocations = '{}', propertySourceProperties = '{}', contextCustomizers = set[org.springframework.boot.test.autoconfigure.properties.PropertyMappingContextCustomizer@0, org.springframework.boot.test.autoconfigure.web.servlet.WebDriverContextCustomizerFactory$Customizer@46372921, org.springframework.boot.test.context.filter.ExcludeFilterContextCustomizer@4da826fa, org.springframework.boot.test.json.DuplicateJsonObjectContextCustomizerFactory$DuplicateJsonObjectContextCustomizer@6765aa49, org.springframework.boot.test.mock.mockito.MockitoContextCustomizer@5e28ccfd], contextLoader = 'org.springframework.test.context.support.DelegatingSmartContextLoader', parent = [null]], attributes = map[[empty]]]].
22:40:59.654 [Test worker] DEBUG org.springframework.test.context.cache.DefaultCacheAwareContextLoaderDelegate - Retrieved ApplicationContext from cache with key [[MergedContextConfiguration@10f4c29e testClass = AssortmentServiceTest, locations = '{}', classes = '{class software.jevera.service.AssortmentService, class software.jevera.service.assortment.StateMachine, class software.jevera.service.assortment.New, class software.jevera.service.assortment.Upload, class software.jevera.service.assortment.InTheBasket, class software.jevera.service.assortment.Favorites, class software.jevera.service.assortment.Sales, class software.jevera.service.assortment.Remove}', contextInitializerClasses = '[]', activeProfiles = '{}', propertySourceLocations = '{}', propertySourceProperties = '{}', contextCustomizers = set[org.springframework.boot.test.autoconfigure.properties.PropertyMappingContextCustomizer@0, org.springframework.boot.test.autoconfigure.web.servlet.WebDriverContextCustomizerFactory$Customizer@46372921, org.springframework.boot.test.context.filter.ExcludeFilterContextCustomizer@4da826fa, org.springframework.boot.test.json.DuplicateJsonObjectContextCustomizerFactory$DuplicateJsonObjectContextCustomizer@6765aa49, org.springframework.boot.test.mock.mockito.MockitoContextCustomizer@5e28ccfd], contextLoader = 'org.springframework.test.context.support.DelegatingSmartContextLoader', parent = [null]]]
22:40:59.654 [Test worker] DEBUG org.springframework.test.context.cache - Spring test ApplicationContext cache statistics: [DefaultContextCache@2dfedaa0 size = 1, maxSize = 32, parentContextCount = 0, hitCount = 7, missCount = 1]
22:40:59.656 [Test worker] DEBUG org.springframework.test.context.support.AbstractDirtiesContextTestExecutionListener - Before test method: context [DefaultTestContext@6d2642ce testClass = AssortmentServiceTest, testInstance = software.jevera.service.AssortmentServiceTest@363aeaff, testMethod = remove@AssortmentServiceTest, testException = [null], mergedContextConfiguration = [MergedContextConfiguration@10f4c29e testClass = AssortmentServiceTest, locations = '{}', classes = '{class software.jevera.service.AssortmentService, class software.jevera.service.assortment.StateMachine, class software.jevera.service.assortment.New, class software.jevera.service.assortment.Upload, class software.jevera.service.assortment.InTheBasket, class software.jevera.service.assortment.Favorites, class software.jevera.service.assortment.Sales, class software.jevera.service.assortment.Remove}', contextInitializerClasses = '[]', activeProfiles = '{}', propertySourceLocations = '{}', propertySourceProperties = '{}', contextCustomizers = set[org.springframework.boot.test.autoconfigure.properties.PropertyMappingContextCustomizer@0, org.springframework.boot.test.autoconfigure.web.servlet.WebDriverContextCustomizerFactory$Customizer@46372921, org.springframework.boot.test.context.filter.ExcludeFilterContextCustomizer@4da826fa, org.springframework.boot.test.json.DuplicateJsonObjectContextCustomizerFactory$DuplicateJsonObjectContextCustomizer@6765aa49, org.springframework.boot.test.mock.mockito.MockitoContextCustomizer@5e28ccfd], contextLoader = 'org.springframework.test.context.support.DelegatingSmartContextLoader', parent = [null]], attributes = map[[empty]]], class annotated with @DirtiesContext [false] with mode [null], method annotated with @DirtiesContext [false] with mode [null].
22:40:59.658 [Test worker] DEBUG org.springframework.test.context.cache.DefaultCacheAwareContextLoaderDelegate - Retrieved ApplicationContext from cache with key [[MergedContextConfiguration@10f4c29e testClass = AssortmentServiceTest, locations = '{}', classes = '{class software.jevera.service.AssortmentService, class software.jevera.service.assortment.StateMachine, class software.jevera.service.assortment.New, class software.jevera.service.assortment.Upload, class software.jevera.service.assortment.InTheBasket, class software.jevera.service.assortment.Favorites, class software.jevera.service.assortment.Sales, class software.jevera.service.assortment.Remove}', contextInitializerClasses = '[]', activeProfiles = '{}', propertySourceLocations = '{}', propertySourceProperties = '{}', contextCustomizers = set[org.springframework.boot.test.autoconfigure.properties.PropertyMappingContextCustomizer@0, org.springframework.boot.test.autoconfigure.web.servlet.WebDriverContextCustomizerFactory$Customizer@46372921, org.springframework.boot.test.context.filter.ExcludeFilterContextCustomizer@4da826fa, org.springframework.boot.test.json.DuplicateJsonObjectContextCustomizerFactory$DuplicateJsonObjectContextCustomizer@6765aa49, org.springframework.boot.test.mock.mockito.MockitoContextCustomizer@5e28ccfd], contextLoader = 'org.springframework.test.context.support.DelegatingSmartContextLoader', parent = [null]]]
22:40:59.658 [Test worker] DEBUG org.springframework.test.context.cache - Spring test ApplicationContext cache statistics: [DefaultContextCache@2dfedaa0 size = 1, maxSize = 32, parentContextCount = 0, hitCount = 8, missCount = 1]
22:40:59.660 [Test worker] DEBUG org.springframework.test.context.cache.DefaultCacheAwareContextLoaderDelegate - Retrieved ApplicationContext from cache with key [[MergedContextConfiguration@10f4c29e testClass = AssortmentServiceTest, locations = '{}', classes = '{class software.jevera.service.AssortmentService, class software.jevera.service.assortment.StateMachine, class software.jevera.service.assortment.New, class software.jevera.service.assortment.Upload, class software.jevera.service.assortment.InTheBasket, class software.jevera.service.assortment.Favorites, class software.jevera.service.assortment.Sales, class software.jevera.service.assortment.Remove}', contextInitializerClasses = '[]', activeProfiles = '{}', propertySourceLocations = '{}', propertySourceProperties = '{}', contextCustomizers = set[org.springframework.boot.test.autoconfigure.properties.PropertyMappingContextCustomizer@0, org.springframework.boot.test.autoconfigure.web.servlet.WebDriverContextCustomizerFactory$Customizer@46372921, org.springframework.boot.test.context.filter.ExcludeFilterContextCustomizer@4da826fa, org.springframework.boot.test.json.DuplicateJsonObjectContextCustomizerFactory$DuplicateJsonObjectContextCustomizer@6765aa49, org.springframework.boot.test.mock.mockito.MockitoContextCustomizer@5e28ccfd], contextLoader = 'org.springframework.test.context.support.DelegatingSmartContextLoader', parent = [null]]]
22:40:59.660 [Test worker] DEBUG org.springframework.test.context.cache - Spring test ApplicationContext cache statistics: [DefaultContextCache@2dfedaa0 size = 1, maxSize = 32, parentContextCount = 0, hitCount = 9, missCount = 1]
22:40:59.661 [Test worker] DEBUG org.springframework.test.context.cache.DefaultCacheAwareContextLoaderDelegate - Retrieved ApplicationContext from cache with key [[MergedContextConfiguration@10f4c29e testClass = AssortmentServiceTest, locations = '{}', classes = '{class software.jevera.service.AssortmentService, class software.jevera.service.assortment.StateMachine, class software.jevera.service.assortment.New, class software.jevera.service.assortment.Upload, class software.jevera.service.assortment.InTheBasket, class software.jevera.service.assortment.Favorites, class software.jevera.service.assortment.Sales, class software.jevera.service.assortment.Remove}', contextInitializerClasses = '[]', activeProfiles = '{}', propertySourceLocations = '{}', propertySourceProperties = '{}', contextCustomizers = set[org.springframework.boot.test.autoconfigure.properties.PropertyMappingContextCustomizer@0, org.springframework.boot.test.autoconfigure.web.servlet.WebDriverContextCustomizerFactory$Customizer@46372921, org.springframework.boot.test.context.filter.ExcludeFilterContextCustomizer@4da826fa, org.springframework.boot.test.json.DuplicateJsonObjectContextCustomizerFactory$DuplicateJsonObjectContextCustomizer@6765aa49, org.springframework.boot.test.mock.mockito.MockitoContextCustomizer@5e28ccfd], contextLoader = 'org.springframework.test.context.support.DelegatingSmartContextLoader', parent = [null]]]
22:40:59.662 [Test worker] DEBUG org.springframework.test.context.cache - Spring test ApplicationContext cache statistics: [DefaultContextCache@2dfedaa0 size = 1, maxSize = 32, parentContextCount = 0, hitCount = 10, missCount = 1]
22:40:59.662 [Test worker] DEBUG org.springframework.test.context.cache.DefaultCacheAwareContextLoaderDelegate - Retrieved ApplicationContext from cache with key [[MergedContextConfiguration@10f4c29e testClass = AssortmentServiceTest, locations = '{}', classes = '{class software.jevera.service.AssortmentService, class software.jevera.service.assortment.StateMachine, class software.jevera.service.assortment.New, class software.jevera.service.assortment.Upload, class software.jevera.service.assortment.InTheBasket, class software.jevera.service.assortment.Favorites, class software.jevera.service.assortment.Sales, class software.jevera.service.assortment.Remove}', contextInitializerClasses = '[]', activeProfiles = '{}', propertySourceLocations = '{}', propertySourceProperties = '{}', contextCustomizers = set[org.springframework.boot.test.autoconfigure.properties.PropertyMappingContextCustomizer@0, org.springframework.boot.test.autoconfigure.web.servlet.WebDriverContextCustomizerFactory$Customizer@46372921, org.springframework.boot.test.context.filter.ExcludeFilterContextCustomizer@4da826fa, org.springframework.boot.test.json.DuplicateJsonObjectContextCustomizerFactory$DuplicateJsonObjectContextCustomizer@6765aa49, org.springframework.boot.test.mock.mockito.MockitoContextCustomizer@5e28ccfd], contextLoader = 'org.springframework.test.context.support.DelegatingSmartContextLoader', parent = [null]]]
22:40:59.663 [Test worker] DEBUG org.springframework.test.context.cache - Spring test ApplicationContext cache statistics: [DefaultContextCache@2dfedaa0 size = 1, maxSize = 32, parentContextCount = 0, hitCount = 11, missCount = 1]
22:40:59.666 [Test worker] DEBUG org.springframework.test.context.support.AbstractDirtiesContextTestExecutionListener - After test method: context [DefaultTestContext@6d2642ce testClass = AssortmentServiceTest, testInstance = software.jevera.service.AssortmentServiceTest@363aeaff, testMethod = remove@AssortmentServiceTest, testException = [null], mergedContextConfiguration = [MergedContextConfiguration@10f4c29e testClass = AssortmentServiceTest, locations = '{}', classes = '{class software.jevera.service.AssortmentService, class software.jevera.service.assortment.StateMachine, class software.jevera.service.assortment.New, class software.jevera.service.assortment.Upload, class software.jevera.service.assortment.InTheBasket, class software.jevera.service.assortment.Favorites, class software.jevera.service.assortment.Sales, class software.jevera.service.assortment.Remove}', contextInitializerClasses = '[]', activeProfiles = '{}', propertySourceLocations = '{}', propertySourceProperties = '{}', contextCustomizers = set[org.springframework.boot.test.autoconfigure.properties.PropertyMappingContextCustomizer@0, org.springframework.boot.test.autoconfigure.web.servlet.WebDriverContextCustomizerFactory$Customizer@46372921, org.springframework.boot.test.context.filter.ExcludeFilterContextCustomizer@4da826fa, org.springframework.boot.test.json.DuplicateJsonObjectContextCustomizerFactory$DuplicateJsonObjectContextCustomizer@6765aa49, org.springframework.boot.test.mock.mockito.MockitoContextCustomizer@5e28ccfd], contextLoader = 'org.springframework.test.context.support.DelegatingSmartContextLoader', parent = [null]], attributes = map[[empty]]], class annotated with @DirtiesContext [false] with mode [null], method annotated with @DirtiesContext [false] with mode [null].
22:40:59.666 [Test worker] DEBUG org.springframework.test.annotation.ProfileValueUtils - Retrieved @ProfileValueSourceConfiguration [null] for test class [software.jevera.service.AssortmentServiceTest]
22:40:59.667 [Test worker] DEBUG org.springframework.test.annotation.ProfileValueUtils - Retrieved ProfileValueSource type [class org.springframework.test.annotation.SystemProfileValueSource] for class [software.jevera.service.AssortmentServiceTest]
22:40:59.669 [Test worker] DEBUG org.springframework.test.context.cache.DefaultCacheAwareContextLoaderDelegate - Retrieved ApplicationContext from cache with key [[MergedContextConfiguration@10f4c29e testClass = AssortmentServiceTest, locations = '{}', classes = '{class software.jevera.service.AssortmentService, class software.jevera.service.assortment.StateMachine, class software.jevera.service.assortment.New, class software.jevera.service.assortment.Upload, class software.jevera.service.assortment.InTheBasket, class software.jevera.service.assortment.Favorites, class software.jevera.service.assortment.Sales, class software.jevera.service.assortment.Remove}', contextInitializerClasses = '[]', activeProfiles = '{}', propertySourceLocations = '{}', propertySourceProperties = '{}', contextCustomizers = set[org.springframework.boot.test.autoconfigure.properties.PropertyMappingContextCustomizer@0, org.springframework.boot.test.autoconfigure.web.servlet.WebDriverContextCustomizerFactory$Customizer@46372921, org.springframework.boot.test.context.filter.ExcludeFilterContextCustomizer@4da826fa, org.springframework.boot.test.json.DuplicateJsonObjectContextCustomizerFactory$DuplicateJsonObjectContextCustomizer@6765aa49, org.springframework.boot.test.mock.mockito.MockitoContextCustomizer@5e28ccfd], contextLoader = 'org.springframework.test.context.support.DelegatingSmartContextLoader', parent = [null]]]
22:40:59.669 [Test worker] DEBUG org.springframework.test.context.cache - Spring test ApplicationContext cache statistics: [DefaultContextCache@2dfedaa0 size = 1, maxSize = 32, parentContextCount = 0, hitCount = 12, missCount = 1]
22:40:59.670 [Test worker] DEBUG org.springframework.test.context.support.DependencyInjectionTestExecutionListener - Performing dependency injection for test context [[DefaultTestContext@6d2642ce testClass = AssortmentServiceTest, testInstance = software.jevera.service.AssortmentServiceTest@1b27f4a3, testMethod = [null], testException = [null], mergedContextConfiguration = [MergedContextConfiguration@10f4c29e testClass = AssortmentServiceTest, locations = '{}', classes = '{class software.jevera.service.AssortmentService, class software.jevera.service.assortment.StateMachine, class software.jevera.service.assortment.New, class software.jevera.service.assortment.Upload, class software.jevera.service.assortment.InTheBasket, class software.jevera.service.assortment.Favorites, class software.jevera.service.assortment.Sales, class software.jevera.service.assortment.Remove}', contextInitializerClasses = '[]', activeProfiles = '{}', propertySourceLocations = '{}', propertySourceProperties = '{}', contextCustomizers = set[org.springframework.boot.test.autoconfigure.properties.PropertyMappingContextCustomizer@0, org.springframework.boot.test.autoconfigure.web.servlet.WebDriverContextCustomizerFactory$Customizer@46372921, org.springframework.boot.test.context.filter.ExcludeFilterContextCustomizer@4da826fa, org.springframework.boot.test.json.DuplicateJsonObjectContextCustomizerFactory$DuplicateJsonObjectContextCustomizer@6765aa49, org.springframework.boot.test.mock.mockito.MockitoContextCustomizer@5e28ccfd], contextLoader = 'org.springframework.test.context.support.DelegatingSmartContextLoader', parent = [null]], attributes = map[[empty]]]].
22:40:59.675 [Test worker] DEBUG org.springframework.test.context.cache.DefaultCacheAwareContextLoaderDelegate - Retrieved ApplicationContext from cache with key [[MergedContextConfiguration@10f4c29e testClass = AssortmentServiceTest, locations = '{}', classes = '{class software.jevera.service.AssortmentService, class software.jevera.service.assortment.StateMachine, class software.jevera.service.assortment.New, class software.jevera.service.assortment.Upload, class software.jevera.service.assortment.InTheBasket, class software.jevera.service.assortment.Favorites, class software.jevera.service.assortment.Sales, class software.jevera.service.assortment.Remove}', contextInitializerClasses = '[]', activeProfiles = '{}', propertySourceLocations = '{}', propertySourceProperties = '{}', contextCustomizers = set[org.springframework.boot.test.autoconfigure.properties.PropertyMappingContextCustomizer@0, org.springframework.boot.test.autoconfigure.web.servlet.WebDriverContextCustomizerFactory$Customizer@46372921, org.springframework.boot.test.context.filter.ExcludeFilterContextCustomizer@4da826fa, org.springframework.boot.test.json.DuplicateJsonObjectContextCustomizerFactory$DuplicateJsonObjectContextCustomizer@6765aa49, org.springframework.boot.test.mock.mockito.MockitoContextCustomizer@5e28ccfd], contextLoader = 'org.springframework.test.context.support.DelegatingSmartContextLoader', parent = [null]]]
22:40:59.676 [Test worker] DEBUG org.springframework.test.context.cache - Spring test ApplicationContext cache statistics: [DefaultContextCache@2dfedaa0 size = 1, maxSize = 32, parentContextCount = 0, hitCount = 13, missCount = 1]
22:40:59.686 [Test worker] DEBUG org.springframework.test.context.support.AbstractDirtiesContextTestExecutionListener - Before test method: context [DefaultTestContext@6d2642ce testClass = AssortmentServiceTest, testInstance = software.jevera.service.AssortmentServiceTest@1b27f4a3, testMethod = upload@AssortmentServiceTest, testException = [null], mergedContextConfiguration = [MergedContextConfiguration@10f4c29e testClass = AssortmentServiceTest, locations = '{}', classes = '{class software.jevera.service.AssortmentService, class software.jevera.service.assortment.StateMachine, class software.jevera.service.assortment.New, class software.jevera.service.assortment.Upload, class software.jevera.service.assortment.InTheBasket, class software.jevera.service.assortment.Favorites, class software.jevera.service.assortment.Sales, class software.jevera.service.assortment.Remove}', contextInitializerClasses = '[]', activeProfiles = '{}', propertySourceLocations = '{}', propertySourceProperties = '{}', contextCustomizers = set[org.springframework.boot.test.autoconfigure.properties.PropertyMappingContextCustomizer@0, org.springframework.boot.test.autoconfigure.web.servlet.WebDriverContextCustomizerFactory$Customizer@46372921, org.springframework.boot.test.context.filter.ExcludeFilterContextCustomizer@4da826fa, org.springframework.boot.test.json.DuplicateJsonObjectContextCustomizerFactory$DuplicateJsonObjectContextCustomizer@6765aa49, org.springframework.boot.test.mock.mockito.MockitoContextCustomizer@5e28ccfd], contextLoader = 'org.springframework.test.context.support.DelegatingSmartContextLoader', parent = [null]], attributes = map[[empty]]], class annotated with @DirtiesContext [false] with mode [null], method annotated with @DirtiesContext [false] with mode [null].
22:40:59.687 [Test worker] DEBUG org.springframework.test.context.cache.DefaultCacheAwareContextLoaderDelegate - Retrieved ApplicationContext from cache with key [[MergedContextConfiguration@10f4c29e testClass = AssortmentServiceTest, locations = '{}', classes = '{class software.jevera.service.AssortmentService, class software.jevera.service.assortment.StateMachine, class software.jevera.service.assortment.New, class software.jevera.service.assortment.Upload, class software.jevera.service.assortment.InTheBasket, class software.jevera.service.assortment.Favorites, class software.jevera.service.assortment.Sales, class software.jevera.service.assortment.Remove}', contextInitializerClasses = '[]', activeProfiles = '{}', propertySourceLocations = '{}', propertySourceProperties = '{}', contextCustomizers = set[org.springframework.boot.test.autoconfigure.properties.PropertyMappingContextCustomizer@0, org.springframework.boot.test.autoconfigure.web.servlet.WebDriverContextCustomizerFactory$Customizer@46372921, org.springframework.boot.test.context.filter.ExcludeFilterContextCustomizer@4da826fa, org.springframework.boot.test.json.DuplicateJsonObjectContextCustomizerFactory$DuplicateJsonObjectContextCustomizer@6765aa49, org.springframework.boot.test.mock.mockito.MockitoContextCustomizer@5e28ccfd], contextLoader = 'org.springframework.test.context.support.DelegatingSmartContextLoader', parent = [null]]]
22:40:59.688 [Test worker] DEBUG org.springframework.test.context.cache - Spring test ApplicationContext cache statistics: [DefaultContextCache@2dfedaa0 size = 1, maxSize = 32, parentContextCount = 0, hitCount = 14, missCount = 1]
22:40:59.689 [Test worker] DEBUG org.springframework.test.context.cache.DefaultCacheAwareContextLoaderDelegate - Retrieved ApplicationContext from cache with key [[MergedContextConfiguration@10f4c29e testClass = AssortmentServiceTest, locations = '{}', classes = '{class software.jevera.service.AssortmentService, class software.jevera.service.assortment.StateMachine, class software.jevera.service.assortment.New, class software.jevera.service.assortment.Upload, class software.jevera.service.assortment.InTheBasket, class software.jevera.service.assortment.Favorites, class software.jevera.service.assortment.Sales, class software.jevera.service.assortment.Remove}', contextInitializerClasses = '[]', activeProfiles = '{}', propertySourceLocations = '{}', propertySourceProperties = '{}', contextCustomizers = set[org.springframework.boot.test.autoconfigure.properties.PropertyMappingContextCustomizer@0, org.springframework.boot.test.autoconfigure.web.servlet.WebDriverContextCustomizerFactory$Customizer@46372921, org.springframework.boot.test.context.filter.ExcludeFilterContextCustomizer@4da826fa, org.springframework.boot.test.json.DuplicateJsonObjectContextCustomizerFactory$DuplicateJsonObjectContextCustomizer@6765aa49, org.springframework.boot.test.mock.mockito.MockitoContextCustomizer@5e28ccfd], contextLoader = 'org.springframework.test.context.support.DelegatingSmartContextLoader', parent = [null]]]
22:40:59.690 [Test worker] DEBUG org.springframework.test.context.cache - Spring test ApplicationContext cache statistics: [DefaultContextCache@2dfedaa0 size = 1, maxSize = 32, parentContextCount = 0, hitCount = 15, missCount = 1]
22:40:59.690 [Test worker] DEBUG org.springframework.test.context.cache.DefaultCacheAwareContextLoaderDelegate - Retrieved ApplicationContext from cache with key [[MergedContextConfiguration@10f4c29e testClass = AssortmentServiceTest, locations = '{}', classes = '{class software.jevera.service.AssortmentService, class software.jevera.service.assortment.StateMachine, class software.jevera.service.assortment.New, class software.jevera.service.assortment.Upload, class software.jevera.service.assortment.InTheBasket, class software.jevera.service.assortment.Favorites, class software.jevera.service.assortment.Sales, class software.jevera.service.assortment.Remove}', contextInitializerClasses = '[]', activeProfiles = '{}', propertySourceLocations = '{}', propertySourceProperties = '{}', contextCustomizers = set[org.springframework.boot.test.autoconfigure.properties.PropertyMappingContextCustomizer@0, org.springframework.boot.test.autoconfigure.web.servlet.WebDriverContextCustomizerFactory$Customizer@46372921, org.springframework.boot.test.context.filter.ExcludeFilterContextCustomizer@4da826fa, org.springframework.boot.test.json.DuplicateJsonObjectContextCustomizerFactory$DuplicateJsonObjectContextCustomizer@6765aa49, org.springframework.boot.test.mock.mockito.MockitoContextCustomizer@5e28ccfd], contextLoader = 'org.springframework.test.context.support.DelegatingSmartContextLoader', parent = [null]]]
22:40:59.690 [Test worker] DEBUG org.springframework.test.context.cache - Spring test ApplicationContext cache statistics: [DefaultContextCache@2dfedaa0 size = 1, maxSize = 32, parentContextCount = 0, hitCount = 16, missCount = 1]
22:40:59.691 [Test worker] DEBUG org.springframework.test.context.cache.DefaultCacheAwareContextLoaderDelegate - Retrieved ApplicationContext from cache with key [[MergedContextConfiguration@10f4c29e testClass = AssortmentServiceTest, locations = '{}', classes = '{class software.jevera.service.AssortmentService, class software.jevera.service.assortment.StateMachine, class software.jevera.service.assortment.New, class software.jevera.service.assortment.Upload, class software.jevera.service.assortment.InTheBasket, class software.jevera.service.assortment.Favorites, class software.jevera.service.assortment.Sales, class software.jevera.service.assortment.Remove}', contextInitializerClasses = '[]', activeProfiles = '{}', propertySourceLocations = '{}', propertySourceProperties = '{}', contextCustomizers = set[org.springframework.boot.test.autoconfigure.properties.PropertyMappingContextCustomizer@0, org.springframework.boot.test.autoconfigure.web.servlet.WebDriverContextCustomizerFactory$Customizer@46372921, org.springframework.boot.test.context.filter.ExcludeFilterContextCustomizer@4da826fa, org.springframework.boot.test.json.DuplicateJsonObjectContextCustomizerFactory$DuplicateJsonObjectContextCustomizer@6765aa49, org.springframework.boot.test.mock.mockito.MockitoContextCustomizer@5e28ccfd], contextLoader = 'org.springframework.test.context.support.DelegatingSmartContextLoader', parent = [null]]]
22:40:59.691 [Test worker] DEBUG org.springframework.test.context.cache - Spring test ApplicationContext cache statistics: [DefaultContextCache@2dfedaa0 size = 1, maxSize = 32, parentContextCount = 0, hitCount = 17, missCount = 1]
22:40:59.693 [Test worker] DEBUG org.springframework.test.context.support.AbstractDirtiesContextTestExecutionListener - After test method: context [DefaultTestContext@6d2642ce testClass = AssortmentServiceTest, testInstance = software.jevera.service.AssortmentServiceTest@1b27f4a3, testMethod = upload@AssortmentServiceTest, testException = [null], mergedContextConfiguration = [MergedContextConfiguration@10f4c29e testClass = AssortmentServiceTest, locations = '{}', classes = '{class software.jevera.service.AssortmentService, class software.jevera.service.assortment.StateMachine, class software.jevera.service.assortment.New, class software.jevera.service.assortment.Upload, class software.jevera.service.assortment.InTheBasket, class software.jevera.service.assortment.Favorites, class software.jevera.service.assortment.Sales, class software.jevera.service.assortment.Remove}', contextInitializerClasses = '[]', activeProfiles = '{}', propertySourceLocations = '{}', propertySourceProperties = '{}', contextCustomizers = set[org.springframework.boot.test.autoconfigure.properties.PropertyMappingContextCustomizer@0, org.springframework.boot.test.autoconfigure.web.servlet.WebDriverContextCustomizerFactory$Customizer@46372921, org.springframework.boot.test.context.filter.ExcludeFilterContextCustomizer@4da826fa, org.springframework.boot.test.json.DuplicateJsonObjectContextCustomizerFactory$DuplicateJsonObjectContextCustomizer@6765aa49, org.springframework.boot.test.mock.mockito.MockitoContextCustomizer@5e28ccfd], contextLoader = 'org.springframework.test.context.support.DelegatingSmartContextLoader', parent = [null]], attributes = map[[empty]]], class annotated with @DirtiesContext [false] with mode [null], method annotated with @DirtiesContext [false] with mode [null].
22:40:59.695 [Test worker] DEBUG org.springframework.test.annotation.ProfileValueUtils - Retrieved @ProfileValueSourceConfiguration [null] for test class [software.jevera.service.AssortmentServiceTest]
22:40:59.696 [Test worker] DEBUG org.springframework.test.annotation.ProfileValueUtils - Retrieved ProfileValueSource type [class org.springframework.test.annotation.SystemProfileValueSource] for class [software.jevera.service.AssortmentServiceTest]
22:40:59.702 [Test worker] DEBUG org.springframework.test.context.cache.DefaultCacheAwareContextLoaderDelegate - Retrieved ApplicationContext from cache with key [[MergedContextConfiguration@10f4c29e testClass = AssortmentServiceTest, locations = '{}', classes = '{class software.jevera.service.AssortmentService, class software.jevera.service.assortment.StateMachine, class software.jevera.service.assortment.New, class software.jevera.service.assortment.Upload, class software.jevera.service.assortment.InTheBasket, class software.jevera.service.assortment.Favorites, class software.jevera.service.assortment.Sales, class software.jevera.service.assortment.Remove}', contextInitializerClasses = '[]', activeProfiles = '{}', propertySourceLocations = '{}', propertySourceProperties = '{}', contextCustomizers = set[org.springframework.boot.test.autoconfigure.properties.PropertyMappingContextCustomizer@0, org.springframework.boot.test.autoconfigure.web.servlet.WebDriverContextCustomizerFactory$Customizer@46372921, org.springframework.boot.test.context.filter.ExcludeFilterContextCustomizer@4da826fa, org.springframework.boot.test.json.DuplicateJsonObjectContextCustomizerFactory$DuplicateJsonObjectContextCustomizer@6765aa49, org.springframework.boot.test.mock.mockito.MockitoContextCustomizer@5e28ccfd], contextLoader = 'org.springframework.test.context.support.DelegatingSmartContextLoader', parent = [null]]]
22:40:59.706 [Test worker] DEBUG org.springframework.test.context.cache - Spring test ApplicationContext cache statistics: [DefaultContextCache@2dfedaa0 size = 1, maxSize = 32, parentContextCount = 0, hitCount = 18, missCount = 1]
22:40:59.706 [Test worker] DEBUG org.springframework.test.context.support.DependencyInjectionTestExecutionListener - Performing dependency injection for test context [[DefaultTestContext@6d2642ce testClass = AssortmentServiceTest, testInstance = software.jevera.service.AssortmentServiceTest@1772fe33, testMethod = [null], testException = [null], mergedContextConfiguration = [MergedContextConfiguration@10f4c29e testClass = AssortmentServiceTest, locations = '{}', classes = '{class software.jevera.service.AssortmentService, class software.jevera.service.assortment.StateMachine, class software.jevera.service.assortment.New, class software.jevera.service.assortment.Upload, class software.jevera.service.assortment.InTheBasket, class software.jevera.service.assortment.Favorites, class software.jevera.service.assortment.Sales, class software.jevera.service.assortment.Remove}', contextInitializerClasses = '[]', activeProfiles = '{}', propertySourceLocations = '{}', propertySourceProperties = '{}', contextCustomizers = set[org.springframework.boot.test.autoconfigure.properties.PropertyMappingContextCustomizer@0, org.springframework.boot.test.autoconfigure.web.servlet.WebDriverContextCustomizerFactory$Customizer@46372921, org.springframework.boot.test.context.filter.ExcludeFilterContextCustomizer@4da826fa, org.springframework.boot.test.json.DuplicateJsonObjectContextCustomizerFactory$DuplicateJsonObjectContextCustomizer@6765aa49, org.springframework.boot.test.mock.mockito.MockitoContextCustomizer@5e28ccfd], contextLoader = 'org.springframework.test.context.support.DelegatingSmartContextLoader', parent = [null]], attributes = map[[empty]]]].
22:40:59.707 [Test worker] DEBUG org.springframework.test.context.cache.DefaultCacheAwareContextLoaderDelegate - Retrieved ApplicationContext from cache with key [[MergedContextConfiguration@10f4c29e testClass = AssortmentServiceTest, locations = '{}', classes = '{class software.jevera.service.AssortmentService, class software.jevera.service.assortment.StateMachine, class software.jevera.service.assortment.New, class software.jevera.service.assortment.Upload, class software.jevera.service.assortment.InTheBasket, class software.jevera.service.assortment.Favorites, class software.jevera.service.assortment.Sales, class software.jevera.service.assortment.Remove}', contextInitializerClasses = '[]', activeProfiles = '{}', propertySourceLocations = '{}', propertySourceProperties = '{}', contextCustomizers = set[org.springframework.boot.test.autoconfigure.properties.PropertyMappingContextCustomizer@0, org.springframework.boot.test.autoconfigure.web.servlet.WebDriverContextCustomizerFactory$Customizer@46372921, org.springframework.boot.test.context.filter.ExcludeFilterContextCustomizer@4da826fa, org.springframework.boot.test.json.DuplicateJsonObjectContextCustomizerFactory$DuplicateJsonObjectContextCustomizer@6765aa49, org.springframework.boot.test.mock.mockito.MockitoContextCustomizer@5e28ccfd], contextLoader = 'org.springframework.test.context.support.DelegatingSmartContextLoader', parent = [null]]]
22:40:59.708 [Test worker] DEBUG org.springframework.test.context.cache - Spring test ApplicationContext cache statistics: [DefaultContextCache@2dfedaa0 size = 1, maxSize = 32, parentContextCount = 0, hitCount = 19, missCount = 1]
22:40:59.709 [Test worker] DEBUG org.springframework.test.context.support.AbstractDirtiesContextTestExecutionListener - Before test method: context [DefaultTestContext@6d2642ce testClass = AssortmentServiceTest, testInstance = software.jevera.service.AssortmentServiceTest@1772fe33, testMethod = createAssortment@AssortmentServiceTest, testException = [null], mergedContextConfiguration = [MergedContextConfiguration@10f4c29e testClass = AssortmentServiceTest, locations = '{}', classes = '{class software.jevera.service.AssortmentService, class software.jevera.service.assortment.StateMachine, class software.jevera.service.assortment.New, class software.jevera.service.assortment.Upload, class software.jevera.service.assortment.InTheBasket, class software.jevera.service.assortment.Favorites, class software.jevera.service.assortment.Sales, class software.jevera.service.assortment.Remove}', contextInitializerClasses = '[]', activeProfiles = '{}', propertySourceLocations = '{}', propertySourceProperties = '{}', contextCustomizers = set[org.springframework.boot.test.autoconfigure.properties.PropertyMappingContextCustomizer@0, org.springframework.boot.test.autoconfigure.web.servlet.WebDriverContextCustomizerFactory$Customizer@46372921, org.springframework.boot.test.context.filter.ExcludeFilterContextCustomizer@4da826fa, org.springframework.boot.test.json.DuplicateJsonObjectContextCustomizerFactory$DuplicateJsonObjectContextCustomizer@6765aa49, org.springframework.boot.test.mock.mockito.MockitoContextCustomizer@5e28ccfd], contextLoader = 'org.springframework.test.context.support.DelegatingSmartContextLoader', parent = [null]], attributes = map[[empty]]], class annotated with @DirtiesContext [false] with mode [null], method annotated with @DirtiesContext [false] with mode [null].
22:40:59.711 [Test worker] DEBUG org.springframework.test.context.cache.DefaultCacheAwareContextLoaderDelegate - Retrieved ApplicationContext from cache with key [[MergedContextConfiguration@10f4c29e testClass = AssortmentServiceTest, locations = '{}', classes = '{class software.jevera.service.AssortmentService, class software.jevera.service.assortment.StateMachine, class software.jevera.service.assortment.New, class software.jevera.service.assortment.Upload, class software.jevera.service.assortment.InTheBasket, class software.jevera.service.assortment.Favorites, class software.jevera.service.assortment.Sales, class software.jevera.service.assortment.Remove}', contextInitializerClasses = '[]', activeProfiles = '{}', propertySourceLocations = '{}', propertySourceProperties = '{}', contextCustomizers = set[org.springframework.boot.test.autoconfigure.properties.PropertyMappingContextCustomizer@0, org.springframework.boot.test.autoconfigure.web.servlet.WebDriverContextCustomizerFactory$Customizer@46372921, org.springframework.boot.test.context.filter.ExcludeFilterContextCustomizer@4da826fa, org.springframework.boot.test.json.DuplicateJsonObjectContextCustomizerFactory$DuplicateJsonObjectContextCustomizer@6765aa49, org.springframework.boot.test.mock.mockito.MockitoContextCustomizer@5e28ccfd], contextLoader = 'org.springframework.test.context.support.DelegatingSmartContextLoader', parent = [null]]]
22:40:59.712 [Test worker] DEBUG org.springframework.test.context.cache - Spring test ApplicationContext cache statistics: [DefaultContextCache@2dfedaa0 size = 1, maxSize = 32, parentContextCount = 0, hitCount = 20, missCount = 1]
22:40:59.715 [Test worker] DEBUG org.springframework.test.context.cache.DefaultCacheAwareContextLoaderDelegate - Retrieved ApplicationContext from cache with key [[MergedContextConfiguration@10f4c29e testClass = AssortmentServiceTest, locations = '{}', classes = '{class software.jevera.service.AssortmentService, class software.jevera.service.assortment.StateMachine, class software.jevera.service.assortment.New, class software.jevera.service.assortment.Upload, class software.jevera.service.assortment.InTheBasket, class software.jevera.service.assortment.Favorites, class software.jevera.service.assortment.Sales, class software.jevera.service.assortment.Remove}', contextInitializerClasses = '[]', activeProfiles = '{}', propertySourceLocations = '{}', propertySourceProperties = '{}', contextCustomizers = set[org.springframework.boot.test.autoconfigure.properties.PropertyMappingContextCustomizer@0, org.springframework.boot.test.autoconfigure.web.servlet.WebDriverContextCustomizerFactory$Customizer@46372921, org.springframework.boot.test.context.filter.ExcludeFilterContextCustomizer@4da826fa, org.springframework.boot.test.json.DuplicateJsonObjectContextCustomizerFactory$DuplicateJsonObjectContextCustomizer@6765aa49, org.springframework.boot.test.mock.mockito.MockitoContextCustomizer@5e28ccfd], contextLoader = 'org.springframework.test.context.support.DelegatingSmartContextLoader', parent = [null]]]
22:40:59.715 [Test worker] DEBUG org.springframework.test.context.cache - Spring test ApplicationContext cache statistics: [DefaultContextCache@2dfedaa0 size = 1, maxSize = 32, parentContextCount = 0, hitCount = 21, missCount = 1]
22:40:59.715 [Test worker] DEBUG org.springframework.test.context.cache.DefaultCacheAwareContextLoaderDelegate - Retrieved ApplicationContext from cache with key [[MergedContextConfiguration@10f4c29e testClass = AssortmentServiceTest, locations = '{}', classes = '{class software.jevera.service.AssortmentService, class software.jevera.service.assortment.StateMachine, class software.jevera.service.assortment.New, class software.jevera.service.assortment.Upload, class software.jevera.service.assortment.InTheBasket, class software.jevera.service.assortment.Favorites, class software.jevera.service.assortment.Sales, class software.jevera.service.assortment.Remove}', contextInitializerClasses = '[]', activeProfiles = '{}', propertySourceLocations = '{}', propertySourceProperties = '{}', contextCustomizers = set[org.springframework.boot.test.autoconfigure.properties.PropertyMappingContextCustomizer@0, org.springframework.boot.test.autoconfigure.web.servlet.WebDriverContextCustomizerFactory$Customizer@46372921, org.springframework.boot.test.context.filter.ExcludeFilterContextCustomizer@4da826fa, org.springframework.boot.test.json.DuplicateJsonObjectContextCustomizerFactory$DuplicateJsonObjectContextCustomizer@6765aa49, org.springframework.boot.test.mock.mockito.MockitoContextCustomizer@5e28ccfd], contextLoader = 'org.springframework.test.context.support.DelegatingSmartContextLoader', parent = [null]]]
22:40:59.716 [Test worker] DEBUG org.springframework.test.context.cache - Spring test ApplicationContext cache statistics: [DefaultContextCache@2dfedaa0 size = 1, maxSize = 32, parentContextCount = 0, hitCount = 22, missCount = 1]
22:40:59.716 [Test worker] DEBUG org.springframework.test.context.cache.DefaultCacheAwareContextLoaderDelegate - Retrieved ApplicationContext from cache with key [[MergedContextConfiguration@10f4c29e testClass = AssortmentServiceTest, locations = '{}', classes = '{class software.jevera.service.AssortmentService, class software.jevera.service.assortment.StateMachine, class software.jevera.service.assortment.New, class software.jevera.service.assortment.Upload, class software.jevera.service.assortment.InTheBasket, class software.jevera.service.assortment.Favorites, class software.jevera.service.assortment.Sales, class software.jevera.service.assortment.Remove}', contextInitializerClasses = '[]', activeProfiles = '{}', propertySourceLocations = '{}', propertySourceProperties = '{}', contextCustomizers = set[org.springframework.boot.test.autoconfigure.properties.PropertyMappingContextCustomizer@0, org.springframework.boot.test.autoconfigure.web.servlet.WebDriverContextCustomizerFactory$Customizer@46372921, org.springframework.boot.test.context.filter.ExcludeFilterContextCustomizer@4da826fa, org.springframework.boot.test.json.DuplicateJsonObjectContextCustomizerFactory$DuplicateJsonObjectContextCustomizer@6765aa49, org.springframework.boot.test.mock.mockito.MockitoContextCustomizer@5e28ccfd], contextLoader = 'org.springframework.test.context.support.DelegatingSmartContextLoader', parent = [null]]]
22:40:59.716 [Test worker] DEBUG org.springframework.test.context.cache - Spring test ApplicationContext cache statistics: [DefaultContextCache@2dfedaa0 size = 1, maxSize = 32, parentContextCount = 0, hitCount = 23, missCount = 1]
22:40:59.718 [Test worker] DEBUG org.springframework.test.context.support.AbstractDirtiesContextTestExecutionListener - After test method: context [DefaultTestContext@6d2642ce testClass = AssortmentServiceTest, testInstance = software.jevera.service.AssortmentServiceTest@1772fe33, testMethod = createAssortment@AssortmentServiceTest, testException = [null], mergedContextConfiguration = [MergedContextConfiguration@10f4c29e testClass = AssortmentServiceTest, locations = '{}', classes = '{class software.jevera.service.AssortmentService, class software.jevera.service.assortment.StateMachine, class software.jevera.service.assortment.New, class software.jevera.service.assortment.Upload, class software.jevera.service.assortment.InTheBasket, class software.jevera.service.assortment.Favorites, class software.jevera.service.assortment.Sales, class software.jevera.service.assortment.Remove}', contextInitializerClasses = '[]', activeProfiles = '{}', propertySourceLocations = '{}', propertySourceProperties = '{}', contextCustomizers = set[org.springframework.boot.test.autoconfigure.properties.PropertyMappingContextCustomizer@0, org.springframework.boot.test.autoconfigure.web.servlet.WebDriverContextCustomizerFactory$Customizer@46372921, org.springframework.boot.test.context.filter.ExcludeFilterContextCustomizer@4da826fa, org.springframework.boot.test.json.DuplicateJsonObjectContextCustomizerFactory$DuplicateJsonObjectContextCustomizer@6765aa49, org.springframework.boot.test.mock.mockito.MockitoContextCustomizer@5e28ccfd], contextLoader = 'org.springframework.test.context.support.DelegatingSmartContextLoader', parent = [null]], attributes = map[[empty]]], class annotated with @DirtiesContext [false] with mode [null], method annotated with @DirtiesContext [false] with mode [null].
22:40:59.719 [Test worker] DEBUG org.springframework.test.annotation.ProfileValueUtils - Retrieved @ProfileValueSourceConfiguration [null] for test class [software.jevera.service.AssortmentServiceTest]
22:40:59.720 [Test worker] DEBUG org.springframework.test.annotation.ProfileValueUtils - Retrieved ProfileValueSource type [class org.springframework.test.annotation.SystemProfileValueSource] for class [software.jevera.service.AssortmentServiceTest]
22:40:59.721 [Test worker] DEBUG org.springframework.test.context.cache.DefaultCacheAwareContextLoaderDelegate - Retrieved ApplicationContext from cache with key [[MergedContextConfiguration@10f4c29e testClass = AssortmentServiceTest, locations = '{}', classes = '{class software.jevera.service.AssortmentService, class software.jevera.service.assortment.StateMachine, class software.jevera.service.assortment.New, class software.jevera.service.assortment.Upload, class software.jevera.service.assortment.InTheBasket, class software.jevera.service.assortment.Favorites, class software.jevera.service.assortment.Sales, class software.jevera.service.assortment.Remove}', contextInitializerClasses = '[]', activeProfiles = '{}', propertySourceLocations = '{}', propertySourceProperties = '{}', contextCustomizers = set[org.springframework.boot.test.autoconfigure.properties.PropertyMappingContextCustomizer@0, org.springframework.boot.test.autoconfigure.web.servlet.WebDriverContextCustomizerFactory$Customizer@46372921, org.springframework.boot.test.context.filter.ExcludeFilterContextCustomizer@4da826fa, org.springframework.boot.test.json.DuplicateJsonObjectContextCustomizerFactory$DuplicateJsonObjectContextCustomizer@6765aa49, org.springframework.boot.test.mock.mockito.MockitoContextCustomizer@5e28ccfd], contextLoader = 'org.springframework.test.context.support.DelegatingSmartContextLoader', parent = [null]]]
22:40:59.721 [Test worker] DEBUG org.springframework.test.context.cache - Spring test ApplicationContext cache statistics: [DefaultContextCache@2dfedaa0 size = 1, maxSize = 32, parentContextCount = 0, hitCount = 24, missCount = 1]
22:40:59.722 [Test worker] DEBUG org.springframework.test.context.support.DependencyInjectionTestExecutionListener - Performing dependency injection for test context [[DefaultTestContext@6d2642ce testClass = AssortmentServiceTest, testInstance = software.jevera.service.AssortmentServiceTest@13a230a6, testMethod = [null], testException = [null], mergedContextConfiguration = [MergedContextConfiguration@10f4c29e testClass = AssortmentServiceTest, locations = '{}', classes = '{class software.jevera.service.AssortmentService, class software.jevera.service.assortment.StateMachine, class software.jevera.service.assortment.New, class software.jevera.service.assortment.Upload, class software.jevera.service.assortment.InTheBasket, class software.jevera.service.assortment.Favorites, class software.jevera.service.assortment.Sales, class software.jevera.service.assortment.Remove}', contextInitializerClasses = '[]', activeProfiles = '{}', propertySourceLocations = '{}', propertySourceProperties = '{}', contextCustomizers = set[org.springframework.boot.test.autoconfigure.properties.PropertyMappingContextCustomizer@0, org.springframework.boot.test.autoconfigure.web.servlet.WebDriverContextCustomizerFactory$Customizer@46372921, org.springframework.boot.test.context.filter.ExcludeFilterContextCustomizer@4da826fa, org.springframework.boot.test.json.DuplicateJsonObjectContextCustomizerFactory$DuplicateJsonObjectContextCustomizer@6765aa49, org.springframework.boot.test.mock.mockito.MockitoContextCustomizer@5e28ccfd], contextLoader = 'org.springframework.test.context.support.DelegatingSmartContextLoader', parent = [null]], attributes = map[[empty]]]].
22:40:59.723 [Test worker] DEBUG org.springframework.test.context.cache.DefaultCacheAwareContextLoaderDelegate - Retrieved ApplicationContext from cache with key [[MergedContextConfiguration@10f4c29e testClass = AssortmentServiceTest, locations = '{}', classes = '{class software.jevera.service.AssortmentService, class software.jevera.service.assortment.StateMachine, class software.jevera.service.assortment.New, class software.jevera.service.assortment.Upload, class software.jevera.service.assortment.InTheBasket, class software.jevera.service.assortment.Favorites, class software.jevera.service.assortment.Sales, class software.jevera.service.assortment.Remove}', contextInitializerClasses = '[]', activeProfiles = '{}', propertySourceLocations = '{}', propertySourceProperties = '{}', contextCustomizers = set[org.springframework.boot.test.autoconfigure.properties.PropertyMappingContextCustomizer@0, org.springframework.boot.test.autoconfigure.web.servlet.WebDriverContextCustomizerFactory$Customizer@46372921, org.springframework.boot.test.context.filter.ExcludeFilterContextCustomizer@4da826fa, org.springframework.boot.test.json.DuplicateJsonObjectContextCustomizerFactory$DuplicateJsonObjectContextCustomizer@6765aa49, org.springframework.boot.test.mock.mockito.MockitoContextCustomizer@5e28ccfd], contextLoader = 'org.springframework.test.context.support.DelegatingSmartContextLoader', parent = [null]]]
22:40:59.724 [Test worker] DEBUG org.springframework.test.context.cache - Spring test ApplicationContext cache statistics: [DefaultContextCache@2dfedaa0 size = 1, maxSize = 32, parentContextCount = 0, hitCount = 25, missCount = 1]
22:40:59.725 [Test worker] DEBUG org.springframework.test.context.support.AbstractDirtiesContextTestExecutionListener - Before test method: context [DefaultTestContext@6d2642ce testClass = AssortmentServiceTest, testInstance = software.jevera.service.AssortmentServiceTest@13a230a6, testMethod = sales@AssortmentServiceTest, testException = [null], mergedContextConfiguration = [MergedContextConfiguration@10f4c29e testClass = AssortmentServiceTest, locations = '{}', classes = '{class software.jevera.service.AssortmentService, class software.jevera.service.assortment.StateMachine, class software.jevera.service.assortment.New, class software.jevera.service.assortment.Upload, class software.jevera.service.assortment.InTheBasket, class software.jevera.service.assortment.Favorites, class software.jevera.service.assortment.Sales, class software.jevera.service.assortment.Remove}', contextInitializerClasses = '[]', activeProfiles = '{}', propertySourceLocations = '{}', propertySourceProperties = '{}', contextCustomizers = set[org.springframework.boot.test.autoconfigure.properties.PropertyMappingContextCustomizer@0, org.springframework.boot.test.autoconfigure.web.servlet.WebDriverContextCustomizerFactory$Customizer@46372921, org.springframework.boot.test.context.filter.ExcludeFilterContextCustomizer@4da826fa, org.springframework.boot.test.json.DuplicateJsonObjectContextCustomizerFactory$DuplicateJsonObjectContextCustomizer@6765aa49, org.springframework.boot.test.mock.mockito.MockitoContextCustomizer@5e28ccfd], contextLoader = 'org.springframework.test.context.support.DelegatingSmartContextLoader', parent = [null]], attributes = map[[empty]]], class annotated with @DirtiesContext [false] with mode [null], method annotated with @DirtiesContext [false] with mode [null].
22:40:59.729 [Test worker] DEBUG org.springframework.test.context.cache.DefaultCacheAwareContextLoaderDelegate - Retrieved ApplicationContext from cache with key [[MergedContextConfiguration@10f4c29e testClass = AssortmentServiceTest, locations = '{}', classes = '{class software.jevera.service.AssortmentService, class software.jevera.service.assortment.StateMachine, class software.jevera.service.assortment.New, class software.jevera.service.assortment.Upload, class software.jevera.service.assortment.InTheBasket, class software.jevera.service.assortment.Favorites, class software.jevera.service.assortment.Sales, class software.jevera.service.assortment.Remove}', contextInitializerClasses = '[]', activeProfiles = '{}', propertySourceLocations = '{}', propertySourceProperties = '{}', contextCustomizers = set[org.springframework.boot.test.autoconfigure.properties.PropertyMappingContextCustomizer@0, org.springframework.boot.test.autoconfigure.web.servlet.WebDriverContextCustomizerFactory$Customizer@46372921, org.springframework.boot.test.context.filter.ExcludeFilterContextCustomizer@4da826fa, org.springframework.boot.test.json.DuplicateJsonObjectContextCustomizerFactory$DuplicateJsonObjectContextCustomizer@6765aa49, org.springframework.boot.test.mock.mockito.MockitoContextCustomizer@5e28ccfd], contextLoader = 'org.springframework.test.context.support.DelegatingSmartContextLoader', parent = [null]]]
22:40:59.729 [Test worker] DEBUG org.springframework.test.context.cache - Spring test ApplicationContext cache statistics: [DefaultContextCache@2dfedaa0 size = 1, maxSize = 32, parentContextCount = 0, hitCount = 26, missCount = 1]
22:40:59.731 [Test worker] DEBUG org.springframework.test.context.cache.DefaultCacheAwareContextLoaderDelegate - Retrieved ApplicationContext from cache with key [[MergedContextConfiguration@10f4c29e testClass = AssortmentServiceTest, locations = '{}', classes = '{class software.jevera.service.AssortmentService, class software.jevera.service.assortment.StateMachine, class software.jevera.service.assortment.New, class software.jevera.service.assortment.Upload, class software.jevera.service.assortment.InTheBasket, class software.jevera.service.assortment.Favorites, class software.jevera.service.assortment.Sales, class software.jevera.service.assortment.Remove}', contextInitializerClasses = '[]', activeProfiles = '{}', propertySourceLocations = '{}', propertySourceProperties = '{}', contextCustomizers = set[org.springframework.boot.test.autoconfigure.properties.PropertyMappingContextCustomizer@0, org.springframework.boot.test.autoconfigure.web.servlet.WebDriverContextCustomizerFactory$Customizer@46372921, org.springframework.boot.test.context.filter.ExcludeFilterContextCustomizer@4da826fa, org.springframework.boot.test.json.DuplicateJsonObjectContextCustomizerFactory$DuplicateJsonObjectContextCustomizer@6765aa49, org.springframework.boot.test.mock.mockito.MockitoContextCustomizer@5e28ccfd], contextLoader = 'org.springframework.test.context.support.DelegatingSmartContextLoader', parent = [null]]]
22:40:59.731 [Test worker] DEBUG org.springframework.test.context.cache - Spring test ApplicationContext cache statistics: [DefaultContextCache@2dfedaa0 size = 1, maxSize = 32, parentContextCount = 0, hitCount = 27, missCount = 1]
22:40:59.732 [Test worker] DEBUG org.springframework.test.context.cache.DefaultCacheAwareContextLoaderDelegate - Retrieved ApplicationContext from cache with key [[MergedContextConfiguration@10f4c29e testClass = AssortmentServiceTest, locations = '{}', classes = '{class software.jevera.service.AssortmentService, class software.jevera.service.assortment.StateMachine, class software.jevera.service.assortment.New, class software.jevera.service.assortment.Upload, class software.jevera.service.assortment.InTheBasket, class software.jevera.service.assortment.Favorites, class software.jevera.service.assortment.Sales, class software.jevera.service.assortment.Remove}', contextInitializerClasses = '[]', activeProfiles = '{}', propertySourceLocations = '{}', propertySourceProperties = '{}', contextCustomizers = set[org.springframework.boot.test.autoconfigure.properties.PropertyMappingContextCustomizer@0, org.springframework.boot.test.autoconfigure.web.servlet.WebDriverContextCustomizerFactory$Customizer@46372921, org.springframework.boot.test.context.filter.ExcludeFilterContextCustomizer@4da826fa, org.springframework.boot.test.json.DuplicateJsonObjectContextCustomizerFactory$DuplicateJsonObjectContextCustomizer@6765aa49, org.springframework.boot.test.mock.mockito.MockitoContextCustomizer@5e28ccfd], contextLoader = 'org.springframework.test.context.support.DelegatingSmartContextLoader', parent = [null]]]
22:40:59.733 [Test worker] DEBUG org.springframework.test.context.cache - Spring test ApplicationContext cache statistics: [DefaultContextCache@2dfedaa0 size = 1, maxSize = 32, parentContextCount = 0, hitCount = 28, missCount = 1]
22:40:59.733 [Test worker] DEBUG org.springframework.test.context.cache.DefaultCacheAwareContextLoaderDelegate - Retrieved ApplicationContext from cache with key [[MergedContextConfiguration@10f4c29e testClass = AssortmentServiceTest, locations = '{}', classes = '{class software.jevera.service.AssortmentService, class software.jevera.service.assortment.StateMachine, class software.jevera.service.assortment.New, class software.jevera.service.assortment.Upload, class software.jevera.service.assortment.InTheBasket, class software.jevera.service.assortment.Favorites, class software.jevera.service.assortment.Sales, class software.jevera.service.assortment.Remove}', contextInitializerClasses = '[]', activeProfiles = '{}', propertySourceLocations = '{}', propertySourceProperties = '{}', contextCustomizers = set[org.springframework.boot.test.autoconfigure.properties.PropertyMappingContextCustomizer@0, org.springframework.boot.test.autoconfigure.web.servlet.WebDriverContextCustomizerFactory$Customizer@46372921, org.springframework.boot.test.context.filter.ExcludeFilterContextCustomizer@4da826fa, org.springframework.boot.test.json.DuplicateJsonObjectContextCustomizerFactory$DuplicateJsonObjectContextCustomizer@6765aa49, org.springframework.boot.test.mock.mockito.MockitoContextCustomizer@5e28ccfd], contextLoader = 'org.springframework.test.context.support.DelegatingSmartContextLoader', parent = [null]]]
22:40:59.734 [Test worker] DEBUG org.springframework.test.context.cache - Spring test ApplicationContext cache statistics: [DefaultContextCache@2dfedaa0 size = 1, maxSize = 32, parentContextCount = 0, hitCount = 29, missCount = 1]
22:40:59.737 [Test worker] DEBUG org.springframework.test.context.support.AbstractDirtiesContextTestExecutionListener - After test method: context [DefaultTestContext@6d2642ce testClass = AssortmentServiceTest, testInstance = software.jevera.service.AssortmentServiceTest@13a230a6, testMethod = sales@AssortmentServiceTest, testException = [null], mergedContextConfiguration = [MergedContextConfiguration@10f4c29e testClass = AssortmentServiceTest, locations = '{}', classes = '{class software.jevera.service.AssortmentService, class software.jevera.service.assortment.StateMachine, class software.jevera.service.assortment.New, class software.jevera.service.assortment.Upload, class software.jevera.service.assortment.InTheBasket, class software.jevera.service.assortment.Favorites, class software.jevera.service.assortment.Sales, class software.jevera.service.assortment.Remove}', contextInitializerClasses = '[]', activeProfiles = '{}', propertySourceLocations = '{}', propertySourceProperties = '{}', contextCustomizers = set[org.springframework.boot.test.autoconfigure.properties.PropertyMappingContextCustomizer@0, org.springframework.boot.test.autoconfigure.web.servlet.WebDriverContextCustomizerFactory$Customizer@46372921, org.springframework.boot.test.context.filter.ExcludeFilterContextCustomizer@4da826fa, org.springframework.boot.test.json.DuplicateJsonObjectContextCustomizerFactory$DuplicateJsonObjectContextCustomizer@6765aa49, org.springframework.boot.test.mock.mockito.MockitoContextCustomizer@5e28ccfd], contextLoader = 'org.springframework.test.context.support.DelegatingSmartContextLoader', parent = [null]], attributes = map[[empty]]], class annotated with @DirtiesContext [false] with mode [null], method annotated with @DirtiesContext [false] with mode [null].
22:40:59.737 [Test worker] DEBUG org.springframework.test.annotation.ProfileValueUtils - Retrieved @ProfileValueSourceConfiguration [null] for test class [software.jevera.service.AssortmentServiceTest]
22:40:59.739 [Test worker] DEBUG org.springframework.test.annotation.ProfileValueUtils - Retrieved ProfileValueSource type [class org.springframework.test.annotation.SystemProfileValueSource] for class [software.jevera.service.AssortmentServiceTest]
22:40:59.740 [Test worker] DEBUG org.springframework.test.context.cache.DefaultCacheAwareContextLoaderDelegate - Retrieved ApplicationContext from cache with key [[MergedContextConfiguration@10f4c29e testClass = AssortmentServiceTest, locations = '{}', classes = '{class software.jevera.service.AssortmentService, class software.jevera.service.assortment.StateMachine, class software.jevera.service.assortment.New, class software.jevera.service.assortment.Upload, class software.jevera.service.assortment.InTheBasket, class software.jevera.service.assortment.Favorites, class software.jevera.service.assortment.Sales, class software.jevera.service.assortment.Remove}', contextInitializerClasses = '[]', activeProfiles = '{}', propertySourceLocations = '{}', propertySourceProperties = '{}', contextCustomizers = set[org.springframework.boot.test.autoconfigure.properties.PropertyMappingContextCustomizer@0, org.springframework.boot.test.autoconfigure.web.servlet.WebDriverContextCustomizerFactory$Customizer@46372921, org.springframework.boot.test.context.filter.ExcludeFilterContextCustomizer@4da826fa, org.springframework.boot.test.json.DuplicateJsonObjectContextCustomizerFactory$DuplicateJsonObjectContextCustomizer@6765aa49, org.springframework.boot.test.mock.mockito.MockitoContextCustomizer@5e28ccfd], contextLoader = 'org.springframework.test.context.support.DelegatingSmartContextLoader', parent = [null]]]
22:40:59.741 [Test worker] DEBUG org.springframework.test.context.cache - Spring test ApplicationContext cache statistics: [DefaultContextCache@2dfedaa0 size = 1, maxSize = 32, parentContextCount = 0, hitCount = 30, missCount = 1]
22:40:59.742 [Test worker] DEBUG org.springframework.test.context.support.DependencyInjectionTestExecutionListener - Performing dependency injection for test context [[DefaultTestContext@6d2642ce testClass = AssortmentServiceTest, testInstance = software.jevera.service.AssortmentServiceTest@1b7103ac, testMethod = [null], testException = [null], mergedContextConfiguration = [MergedContextConfiguration@10f4c29e testClass = AssortmentServiceTest, locations = '{}', classes = '{class software.jevera.service.AssortmentService, class software.jevera.service.assortment.StateMachine, class software.jevera.service.assortment.New, class software.jevera.service.assortment.Upload, class software.jevera.service.assortment.InTheBasket, class software.jevera.service.assortment.Favorites, class software.jevera.service.assortment.Sales, class software.jevera.service.assortment.Remove}', contextInitializerClasses = '[]', activeProfiles = '{}', propertySourceLocations = '{}', propertySourceProperties = '{}', contextCustomizers = set[org.springframework.boot.test.autoconfigure.properties.PropertyMappingContextCustomizer@0, org.springframework.boot.test.autoconfigure.web.servlet.WebDriverContextCustomizerFactory$Customizer@46372921, org.springframework.boot.test.context.filter.ExcludeFilterContextCustomizer@4da826fa, org.springframework.boot.test.json.DuplicateJsonObjectContextCustomizerFactory$DuplicateJsonObjectContextCustomizer@6765aa49, org.springframework.boot.test.mock.mockito.MockitoContextCustomizer@5e28ccfd], contextLoader = 'org.springframework.test.context.support.DelegatingSmartContextLoader', parent = [null]], attributes = map[[empty]]]].
22:40:59.742 [Test worker] DEBUG org.springframework.test.context.cache.DefaultCacheAwareContextLoaderDelegate - Retrieved ApplicationContext from cache with key [[MergedContextConfiguration@10f4c29e testClass = AssortmentServiceTest, locations = '{}', classes = '{class software.jevera.service.AssortmentService, class software.jevera.service.assortment.StateMachine, class software.jevera.service.assortment.New, class software.jevera.service.assortment.Upload, class software.jevera.service.assortment.InTheBasket, class software.jevera.service.assortment.Favorites, class software.jevera.service.assortment.Sales, class software.jevera.service.assortment.Remove}', contextInitializerClasses = '[]', activeProfiles = '{}', propertySourceLocations = '{}', propertySourceProperties = '{}', contextCustomizers = set[org.springframework.boot.test.autoconfigure.properties.PropertyMappingContextCustomizer@0, org.springframework.boot.test.autoconfigure.web.servlet.WebDriverContextCustomizerFactory$Customizer@46372921, org.springframework.boot.test.context.filter.ExcludeFilterContextCustomizer@4da826fa, org.springframework.boot.test.json.DuplicateJsonObjectContextCustomizerFactory$DuplicateJsonObjectContextCustomizer@6765aa49, org.springframework.boot.test.mock.mockito.MockitoContextCustomizer@5e28ccfd], contextLoader = 'org.springframework.test.context.support.DelegatingSmartContextLoader', parent = [null]]]
22:40:59.745 [Test worker] DEBUG org.springframework.test.context.cache - Spring test ApplicationContext cache statistics: [DefaultContextCache@2dfedaa0 size = 1, maxSize = 32, parentContextCount = 0, hitCount = 31, missCount = 1]
22:40:59.748 [Test worker] DEBUG org.springframework.test.context.support.AbstractDirtiesContextTestExecutionListener - Before test method: context [DefaultTestContext@6d2642ce testClass = AssortmentServiceTest, testInstance = software.jevera.service.AssortmentServiceTest@1b7103ac, testMethod = inTheBasket@AssortmentServiceTest, testException = [null], mergedContextConfiguration = [MergedContextConfiguration@10f4c29e testClass = AssortmentServiceTest, locations = '{}', classes = '{class software.jevera.service.AssortmentService, class software.jevera.service.assortment.StateMachine, class software.jevera.service.assortment.New, class software.jevera.service.assortment.Upload, class software.jevera.service.assortment.InTheBasket, class software.jevera.service.assortment.Favorites, class software.jevera.service.assortment.Sales, class software.jevera.service.assortment.Remove}', contextInitializerClasses = '[]', activeProfiles = '{}', propertySourceLocations = '{}', propertySourceProperties = '{}', contextCustomizers = set[org.springframework.boot.test.autoconfigure.properties.PropertyMappingContextCustomizer@0, org.springframework.boot.test.autoconfigure.web.servlet.WebDriverContextCustomizerFactory$Customizer@46372921, org.springframework.boot.test.context.filter.ExcludeFilterContextCustomizer@4da826fa, org.springframework.boot.test.json.DuplicateJsonObjectContextCustomizerFactory$DuplicateJsonObjectContextCustomizer@6765aa49, org.springframework.boot.test.mock.mockito.MockitoContextCustomizer@5e28ccfd], contextLoader = 'org.springframework.test.context.support.DelegatingSmartContextLoader', parent = [null]], attributes = map[[empty]]], class annotated with @DirtiesContext [false] with mode [null], method annotated with @DirtiesContext [false] with mode [null].
22:40:59.750 [Test worker] DEBUG org.springframework.test.context.cache.DefaultCacheAwareContextLoaderDelegate - Retrieved ApplicationContext from cache with key [[MergedContextConfiguration@10f4c29e testClass = AssortmentServiceTest, locations = '{}', classes = '{class software.jevera.service.AssortmentService, class software.jevera.service.assortment.StateMachine, class software.jevera.service.assortment.New, class software.jevera.service.assortment.Upload, class software.jevera.service.assortment.InTheBasket, class software.jevera.service.assortment.Favorites, class software.jevera.service.assortment.Sales, class software.jevera.service.assortment.Remove}', contextInitializerClasses = '[]', activeProfiles = '{}', propertySourceLocations = '{}', propertySourceProperties = '{}', contextCustomizers = set[org.springframework.boot.test.autoconfigure.properties.PropertyMappingContextCustomizer@0, org.springframework.boot.test.autoconfigure.web.servlet.WebDriverContextCustomizerFactory$Customizer@46372921, org.springframework.boot.test.context.filter.ExcludeFilterContextCustomizer@4da826fa, org.springframework.boot.test.json.DuplicateJsonObjectContextCustomizerFactory$DuplicateJsonObjectContextCustomizer@6765aa49, org.springframework.boot.test.mock.mockito.MockitoContextCustomizer@5e28ccfd], contextLoader = 'org.springframework.test.context.support.DelegatingSmartContextLoader', parent = [null]]]
22:40:59.750 [Test worker] DEBUG org.springframework.test.context.cache - Spring test ApplicationContext cache statistics: [DefaultContextCache@2dfedaa0 size = 1, maxSize = 32, parentContextCount = 0, hitCount = 32, missCount = 1]
22:40:59.752 [Test worker] DEBUG org.springframework.test.context.cache.DefaultCacheAwareContextLoaderDelegate - Retrieved ApplicationContext from cache with key [[MergedContextConfiguration@10f4c29e testClass = AssortmentServiceTest, locations = '{}', classes = '{class software.jevera.service.AssortmentService, class software.jevera.service.assortment.StateMachine, class software.jevera.service.assortment.New, class software.jevera.service.assortment.Upload, class software.jevera.service.assortment.InTheBasket, class software.jevera.service.assortment.Favorites, class software.jevera.service.assortment.Sales, class software.jevera.service.assortment.Remove}', contextInitializerClasses = '[]', activeProfiles = '{}', propertySourceLocations = '{}', propertySourceProperties = '{}', contextCustomizers = set[org.springframework.boot.test.autoconfigure.properties.PropertyMappingContextCustomizer@0, org.springframework.boot.test.autoconfigure.web.servlet.WebDriverContextCustomizerFactory$Customizer@46372921, org.springframework.boot.test.context.filter.ExcludeFilterContextCustomizer@4da826fa, org.springframework.boot.test.json.DuplicateJsonObjectContextCustomizerFactory$DuplicateJsonObjectContextCustomizer@6765aa49, org.springframework.boot.test.mock.mockito.MockitoContextCustomizer@5e28ccfd], contextLoader = 'org.springframework.test.context.support.DelegatingSmartContextLoader', parent = [null]]]
22:40:59.753 [Test worker] DEBUG org.springframework.test.context.cache - Spring test ApplicationContext cache statistics: [DefaultContextCache@2dfedaa0 size = 1, maxSize = 32, parentContextCount = 0, hitCount = 33, missCount = 1]
22:40:59.753 [Test worker] DEBUG org.springframework.test.context.cache.DefaultCacheAwareContextLoaderDelegate - Retrieved ApplicationContext from cache with key [[MergedContextConfiguration@10f4c29e testClass = AssortmentServiceTest, locations = '{}', classes = '{class software.jevera.service.AssortmentService, class software.jevera.service.assortment.StateMachine, class software.jevera.service.assortment.New, class software.jevera.service.assortment.Upload, class software.jevera.service.assortment.InTheBasket, class software.jevera.service.assortment.Favorites, class software.jevera.service.assortment.Sales, class software.jevera.service.assortment.Remove}', contextInitializerClasses = '[]', activeProfiles = '{}', propertySourceLocations = '{}', propertySourceProperties = '{}', contextCustomizers = set[org.springframework.boot.test.autoconfigure.properties.PropertyMappingContextCustomizer@0, org.springframework.boot.test.autoconfigure.web.servlet.WebDriverContextCustomizerFactory$Customizer@46372921, org.springframework.boot.test.context.filter.ExcludeFilterContextCustomizer@4da826fa, org.springframework.boot.test.json.DuplicateJsonObjectContextCustomizerFactory$DuplicateJsonObjectContextCustomizer@6765aa49, org.springframework.boot.test.mock.mockito.MockitoContextCustomizer@5e28ccfd], contextLoader = 'org.springframework.test.context.support.DelegatingSmartContextLoader', parent = [null]]]
22:40:59.753 [Test worker] DEBUG org.springframework.test.context.cache - Spring test ApplicationContext cache statistics: [DefaultContextCache@2dfedaa0 size = 1, maxSize = 32, parentContextCount = 0, hitCount = 34, missCount = 1]
22:40:59.754 [Test worker] DEBUG org.springframework.test.context.cache.DefaultCacheAwareContextLoaderDelegate - Retrieved ApplicationContext from cache with key [[MergedContextConfiguration@10f4c29e testClass = AssortmentServiceTest, locations = '{}', classes = '{class software.jevera.service.AssortmentService, class software.jevera.service.assortment.StateMachine, class software.jevera.service.assortment.New, class software.jevera.service.assortment.Upload, class software.jevera.service.assortment.InTheBasket, class software.jevera.service.assortment.Favorites, class software.jevera.service.assortment.Sales, class software.jevera.service.assortment.Remove}', contextInitializerClasses = '[]', activeProfiles = '{}', propertySourceLocations = '{}', propertySourceProperties = '{}', contextCustomizers = set[org.springframework.boot.test.autoconfigure.properties.PropertyMappingContextCustomizer@0, org.springframework.boot.test.autoconfigure.web.servlet.WebDriverContextCustomizerFactory$Customizer@46372921, org.springframework.boot.test.context.filter.ExcludeFilterContextCustomizer@4da826fa, org.springframework.boot.test.json.DuplicateJsonObjectContextCustomizerFactory$DuplicateJsonObjectContextCustomizer@6765aa49, org.springframework.boot.test.mock.mockito.MockitoContextCustomizer@5e28ccfd], contextLoader = 'org.springframework.test.context.support.DelegatingSmartContextLoader', parent = [null]]]
22:40:59.754 [Test worker] DEBUG org.springframework.test.context.cache - Spring test ApplicationContext cache statistics: [DefaultContextCache@2dfedaa0 size = 1, maxSize = 32, parentContextCount = 0, hitCount = 35, missCount = 1]
22:40:59.756 [Test worker] DEBUG org.springframework.test.context.support.AbstractDirtiesContextTestExecutionListener - After test method: context [DefaultTestContext@6d2642ce testClass = AssortmentServiceTest, testInstance = software.jevera.service.AssortmentServiceTest@1b7103ac, testMethod = inTheBasket@AssortmentServiceTest, testException = [null], mergedContextConfiguration = [MergedContextConfiguration@10f4c29e testClass = AssortmentServiceTest, locations = '{}', classes = '{class software.jevera.service.AssortmentService, class software.jevera.service.assortment.StateMachine, class software.jevera.service.assortment.New, class software.jevera.service.assortment.Upload, class software.jevera.service.assortment.InTheBasket, class software.jevera.service.assortment.Favorites, class software.jevera.service.assortment.Sales, class software.jevera.service.assortment.Remove}', contextInitializerClasses = '[]', activeProfiles = '{}', propertySourceLocations = '{}', propertySourceProperties = '{}', contextCustomizers = set[org.springframework.boot.test.autoconfigure.properties.PropertyMappingContextCustomizer@0, org.springframework.boot.test.autoconfigure.web.servlet.WebDriverContextCustomizerFactory$Customizer@46372921, org.springframework.boot.test.context.filter.ExcludeFilterContextCustomizer@4da826fa, org.springframework.boot.test.json.DuplicateJsonObjectContextCustomizerFactory$DuplicateJsonObjectContextCustomizer@6765aa49, org.springframework.boot.test.mock.mockito.MockitoContextCustomizer@5e28ccfd], contextLoader = 'org.springframework.test.context.support.DelegatingSmartContextLoader', parent = [null]], attributes = map[[empty]]], class annotated with @DirtiesContext [false] with mode [null], method annotated with @DirtiesContext [false] with mode [null].
22:40:59.758 [Test worker] DEBUG org.springframework.test.annotation.ProfileValueUtils - Retrieved @ProfileValueSourceConfiguration [null] for test class [software.jevera.service.AssortmentServiceTest]
22:40:59.759 [Test worker] DEBUG org.springframework.test.annotation.ProfileValueUtils - Retrieved ProfileValueSource type [class org.springframework.test.annotation.SystemProfileValueSource] for class [software.jevera.service.AssortmentServiceTest]
22:40:59.761 [Test worker] DEBUG org.springframework.test.context.cache.DefaultCacheAwareContextLoaderDelegate - Retrieved ApplicationContext from cache with key [[MergedContextConfiguration@10f4c29e testClass = AssortmentServiceTest, locations = '{}', classes = '{class software.jevera.service.AssortmentService, class software.jevera.service.assortment.StateMachine, class software.jevera.service.assortment.New, class software.jevera.service.assortment.Upload, class software.jevera.service.assortment.InTheBasket, class software.jevera.service.assortment.Favorites, class software.jevera.service.assortment.Sales, class software.jevera.service.assortment.Remove}', contextInitializerClasses = '[]', activeProfiles = '{}', propertySourceLocations = '{}', propertySourceProperties = '{}', contextCustomizers = set[org.springframework.boot.test.autoconfigure.properties.PropertyMappingContextCustomizer@0, org.springframework.boot.test.autoconfigure.web.servlet.WebDriverContextCustomizerFactory$Customizer@46372921, org.springframework.boot.test.context.filter.ExcludeFilterContextCustomizer@4da826fa, org.springframework.boot.test.json.DuplicateJsonObjectContextCustomizerFactory$DuplicateJsonObjectContextCustomizer@6765aa49, org.springframework.boot.test.mock.mockito.MockitoContextCustomizer@5e28ccfd], contextLoader = 'org.springframework.test.context.support.DelegatingSmartContextLoader', parent = [null]]]
22:40:59.762 [Test worker] DEBUG org.springframework.test.context.cache - Spring test ApplicationContext cache statistics: [DefaultContextCache@2dfedaa0 size = 1, maxSize = 32, parentContextCount = 0, hitCount = 36, missCount = 1]
22:40:59.763 [Test worker] DEBUG org.springframework.test.context.support.DependencyInjectionTestExecutionListener - Performing dependency injection for test context [[DefaultTestContext@6d2642ce testClass = AssortmentServiceTest, testInstance = software.jevera.service.AssortmentServiceTest@11858195, testMethod = [null], testException = [null], mergedContextConfiguration = [MergedContextConfiguration@10f4c29e testClass = AssortmentServiceTest, locations = '{}', classes = '{class software.jevera.service.AssortmentService, class software.jevera.service.assortment.StateMachine, class software.jevera.service.assortment.New, class software.jevera.service.assortment.Upload, class software.jevera.service.assortment.InTheBasket, class software.jevera.service.assortment.Favorites, class software.jevera.service.assortment.Sales, class software.jevera.service.assortment.Remove}', contextInitializerClasses = '[]', activeProfiles = '{}', propertySourceLocations = '{}', propertySourceProperties = '{}', contextCustomizers = set[org.springframework.boot.test.autoconfigure.properties.PropertyMappingContextCustomizer@0, org.springframework.boot.test.autoconfigure.web.servlet.WebDriverContextCustomizerFactory$Customizer@46372921, org.springframework.boot.test.context.filter.ExcludeFilterContextCustomizer@4da826fa, org.springframework.boot.test.json.DuplicateJsonObjectContextCustomizerFactory$DuplicateJsonObjectContextCustomizer@6765aa49, org.springframework.boot.test.mock.mockito.MockitoContextCustomizer@5e28ccfd], contextLoader = 'org.springframework.test.context.support.DelegatingSmartContextLoader', parent = [null]], attributes = map[[empty]]]].
22:40:59.763 [Test worker] DEBUG org.springframework.test.context.cache.DefaultCacheAwareContextLoaderDelegate - Retrieved ApplicationContext from cache with key [[MergedContextConfiguration@10f4c29e testClass = AssortmentServiceTest, locations = '{}', classes = '{class software.jevera.service.AssortmentService, class software.jevera.service.assortment.StateMachine, class software.jevera.service.assortment.New, class software.jevera.service.assortment.Upload, class software.jevera.service.assortment.InTheBasket, class software.jevera.service.assortment.Favorites, class software.jevera.service.assortment.Sales, class software.jevera.service.assortment.Remove}', contextInitializerClasses = '[]', activeProfiles = '{}', propertySourceLocations = '{}', propertySourceProperties = '{}', contextCustomizers = set[org.springframework.boot.test.autoconfigure.properties.PropertyMappingContextCustomizer@0, org.springframework.boot.test.autoconfigure.web.servlet.WebDriverContextCustomizerFactory$Customizer@46372921, org.springframework.boot.test.context.filter.ExcludeFilterContextCustomizer@4da826fa, org.springframework.boot.test.json.DuplicateJsonObjectContextCustomizerFactory$DuplicateJsonObjectContextCustomizer@6765aa49, org.springframework.boot.test.mock.mockito.MockitoContextCustomizer@5e28ccfd], contextLoader = 'org.springframework.test.context.support.DelegatingSmartContextLoader', parent = [null]]]
22:40:59.764 [Test worker] DEBUG org.springframework.test.context.cache - Spring test ApplicationContext cache statistics: [DefaultContextCache@2dfedaa0 size = 1, maxSize = 32, parentContextCount = 0, hitCount = 37, missCount = 1]
22:40:59.766 [Test worker] DEBUG org.springframework.test.context.support.AbstractDirtiesContextTestExecutionListener - Before test method: context [DefaultTestContext@6d2642ce testClass = AssortmentServiceTest, testInstance = software.jevera.service.AssortmentServiceTest@11858195, testMethod = allAssortment@AssortmentServiceTest, testException = [null], mergedContextConfiguration = [MergedContextConfiguration@10f4c29e testClass = AssortmentServiceTest, locations = '{}', classes = '{class software.jevera.service.AssortmentService, class software.jevera.service.assortment.StateMachine, class software.jevera.service.assortment.New, class software.jevera.service.assortment.Upload, class software.jevera.service.assortment.InTheBasket, class software.jevera.service.assortment.Favorites, class software.jevera.service.assortment.Sales, class software.jevera.service.assortment.Remove}', contextInitializerClasses = '[]', activeProfiles = '{}', propertySourceLocations = '{}', propertySourceProperties = '{}', contextCustomizers = set[org.springframework.boot.test.autoconfigure.properties.PropertyMappingContextCustomizer@0, org.springframework.boot.test.autoconfigure.web.servlet.WebDriverContextCustomizerFactory$Customizer@46372921, org.springframework.boot.test.context.filter.ExcludeFilterContextCustomizer@4da826fa, org.springframework.boot.test.json.DuplicateJsonObjectContextCustomizerFactory$DuplicateJsonObjectContextCustomizer@6765aa49, org.springframework.boot.test.mock.mockito.MockitoContextCustomizer@5e28ccfd], contextLoader = 'org.springframework.test.context.support.DelegatingSmartContextLoader', parent = [null]], attributes = map[[empty]]], class annotated with @DirtiesContext [false] with mode [null], method annotated with @DirtiesContext [false] with mode [null].
22:40:59.769 [Test worker] DEBUG org.springframework.test.context.cache.DefaultCacheAwareContextLoaderDelegate - Retrieved ApplicationContext from cache with key [[MergedContextConfiguration@10f4c29e testClass = AssortmentServiceTest, locations = '{}', classes = '{class software.jevera.service.AssortmentService, class software.jevera.service.assortment.StateMachine, class software.jevera.service.assortment.New, class software.jevera.service.assortment.Upload, class software.jevera.service.assortment.InTheBasket, class software.jevera.service.assortment.Favorites, class software.jevera.service.assortment.Sales, class software.jevera.service.assortment.Remove}', contextInitializerClasses = '[]', activeProfiles = '{}', propertySourceLocations = '{}', propertySourceProperties = '{}', contextCustomizers = set[org.springframework.boot.test.autoconfigure.properties.PropertyMappingContextCustomizer@0, org.springframework.boot.test.autoconfigure.web.servlet.WebDriverContextCustomizerFactory$Customizer@46372921, org.springframework.boot.test.context.filter.ExcludeFilterContextCustomizer@4da826fa, org.springframework.boot.test.json.DuplicateJsonObjectContextCustomizerFactory$DuplicateJsonObjectContextCustomizer@6765aa49, org.springframework.boot.test.mock.mockito.MockitoContextCustomizer@5e28ccfd], contextLoader = 'org.springframework.test.context.support.DelegatingSmartContextLoader', parent = [null]]]
22:40:59.769 [Test worker] DEBUG org.springframework.test.context.cache - Spring test ApplicationContext cache statistics: [DefaultContextCache@2dfedaa0 size = 1, maxSize = 32, parentContextCount = 0, hitCount = 38, missCount = 1]
22:40:59.770 [Test worker] DEBUG org.springframework.test.context.cache.DefaultCacheAwareContextLoaderDelegate - Retrieved ApplicationContext from cache with key [[MergedContextConfiguration@10f4c29e testClass = AssortmentServiceTest, locations = '{}', classes = '{class software.jevera.service.AssortmentService, class software.jevera.service.assortment.StateMachine, class software.jevera.service.assortment.New, class software.jevera.service.assortment.Upload, class software.jevera.service.assortment.InTheBasket, class software.jevera.service.assortment.Favorites, class software.jevera.service.assortment.Sales, class software.jevera.service.assortment.Remove}', contextInitializerClasses = '[]', activeProfiles = '{}', propertySourceLocations = '{}', propertySourceProperties = '{}', contextCustomizers = set[org.springframework.boot.test.autoconfigure.properties.PropertyMappingContextCustomizer@0, org.springframework.boot.test.autoconfigure.web.servlet.WebDriverContextCustomizerFactory$Customizer@46372921, org.springframework.boot.test.context.filter.ExcludeFilterContextCustomizer@4da826fa, org.springframework.boot.test.json.DuplicateJsonObjectContextCustomizerFactory$DuplicateJsonObjectContextCustomizer@6765aa49, org.springframework.boot.test.mock.mockito.MockitoContextCustomizer@5e28ccfd], contextLoader = 'org.springframework.test.context.support.DelegatingSmartContextLoader', parent = [null]]]
22:40:59.770 [Test worker] DEBUG org.springframework.test.context.cache - Spring test ApplicationContext cache statistics: [DefaultContextCache@2dfedaa0 size = 1, maxSize = 32, parentContextCount = 0, hitCount = 39, missCount = 1]
22:40:59.771 [Test worker] DEBUG org.springframework.test.context.cache.DefaultCacheAwareContextLoaderDelegate - Retrieved ApplicationContext from cache with key [[MergedContextConfiguration@10f4c29e testClass = AssortmentServiceTest, locations = '{}', classes = '{class software.jevera.service.AssortmentService, class software.jevera.service.assortment.StateMachine, class software.jevera.service.assortment.New, class software.jevera.service.assortment.Upload, class software.jevera.service.assortment.InTheBasket, class software.jevera.service.assortment.Favorites, class software.jevera.service.assortment.Sales, class software.jevera.service.assortment.Remove}', contextInitializerClasses = '[]', activeProfiles = '{}', propertySourceLocations = '{}', propertySourceProperties = '{}', contextCustomizers = set[org.springframework.boot.test.autoconfigure.properties.PropertyMappingContextCustomizer@0, org.springframework.boot.test.autoconfigure.web.servlet.WebDriverContextCustomizerFactory$Customizer@46372921, org.springframework.boot.test.context.filter.ExcludeFilterContextCustomizer@4da826fa, org.springframework.boot.test.json.DuplicateJsonObjectContextCustomizerFactory$DuplicateJsonObjectContextCustomizer@6765aa49, org.springframework.boot.test.mock.mockito.MockitoContextCustomizer@5e28ccfd], contextLoader = 'org.springframework.test.context.support.DelegatingSmartContextLoader', parent = [null]]]
22:40:59.771 [Test worker] DEBUG org.springframework.test.context.cache - Spring test ApplicationContext cache statistics: [DefaultContextCache@2dfedaa0 size = 1, maxSize = 32, parentContextCount = 0, hitCount = 40, missCount = 1]
22:40:59.774 [Test worker] DEBUG org.springframework.test.context.cache.DefaultCacheAwareContextLoaderDelegate - Retrieved ApplicationContext from cache with key [[MergedContextConfiguration@10f4c29e testClass = AssortmentServiceTest, locations = '{}', classes = '{class software.jevera.service.AssortmentService, class software.jevera.service.assortment.StateMachine, class software.jevera.service.assortment.New, class software.jevera.service.assortment.Upload, class software.jevera.service.assortment.InTheBasket, class software.jevera.service.assortment.Favorites, class software.jevera.service.assortment.Sales, class software.jevera.service.assortment.Remove}', contextInitializerClasses = '[]', activeProfiles = '{}', propertySourceLocations = '{}', propertySourceProperties = '{}', contextCustomizers = set[org.springframework.boot.test.autoconfigure.properties.PropertyMappingContextCustomizer@0, org.springframework.boot.test.autoconfigure.web.servlet.WebDriverContextCustomizerFactory$Customizer@46372921, org.springframework.boot.test.context.filter.ExcludeFilterContextCustomizer@4da826fa, org.springframework.boot.test.json.DuplicateJsonObjectContextCustomizerFactory$DuplicateJsonObjectContextCustomizer@6765aa49, org.springframework.boot.test.mock.mockito.MockitoContextCustomizer@5e28ccfd], contextLoader = 'org.springframework.test.context.support.DelegatingSmartContextLoader', parent = [null]]]
22:40:59.775 [Test worker] DEBUG org.springframework.test.context.cache - Spring test ApplicationContext cache statistics: [DefaultContextCache@2dfedaa0 size = 1, maxSize = 32, parentContextCount = 0, hitCount = 41, missCount = 1]
22:40:59.778 [Test worker] DEBUG org.springframework.test.context.support.AbstractDirtiesContextTestExecutionListener - After test method: context [DefaultTestContext@6d2642ce testClass = AssortmentServiceTest, testInstance = software.jevera.service.AssortmentServiceTest@11858195, testMethod = allAssortment@AssortmentServiceTest, testException = [null], mergedContextConfiguration = [MergedContextConfiguration@10f4c29e testClass = AssortmentServiceTest, locations = '{}', classes = '{class software.jevera.service.AssortmentService, class software.jevera.service.assortment.StateMachine, class software.jevera.service.assortment.New, class software.jevera.service.assortment.Upload, class software.jevera.service.assortment.InTheBasket, class software.jevera.service.assortment.Favorites, class software.jevera.service.assortment.Sales, class software.jevera.service.assortment.Remove}', contextInitializerClasses = '[]', activeProfiles = '{}', propertySourceLocations = '{}', propertySourceProperties = '{}', contextCustomizers = set[org.springframework.boot.test.autoconfigure.properties.PropertyMappingContextCustomizer@0, org.springframework.boot.test.autoconfigure.web.servlet.WebDriverContextCustomizerFactory$Customizer@46372921, org.springframework.boot.test.context.filter.ExcludeFilterContextCustomizer@4da826fa, org.springframework.boot.test.json.DuplicateJsonObjectContextCustomizerFactory$DuplicateJsonObjectContextCustomizer@6765aa49, org.springframework.boot.test.mock.mockito.MockitoContextCustomizer@5e28ccfd], contextLoader = 'org.springframework.test.context.support.DelegatingSmartContextLoader', parent = [null]], attributes = map[[empty]]], class annotated with @DirtiesContext [false] with mode [null], method annotated with @DirtiesContext [false] with mode [null].
22:40:59.779 [Test worker] DEBUG org.springframework.test.context.support.AbstractDirtiesContextTestExecutionListener - After test class: context [DefaultTestContext@6d2642ce testClass = AssortmentServiceTest, testInstance = [null], testMethod = [null], testException = [null], mergedContextConfiguration = [MergedContextConfiguration@10f4c29e testClass = AssortmentServiceTest, locations = '{}', classes = '{class software.jevera.service.AssortmentService, class software.jevera.service.assortment.StateMachine, class software.jevera.service.assortment.New, class software.jevera.service.assortment.Upload, class software.jevera.service.assortment.InTheBasket, class software.jevera.service.assortment.Favorites, class software.jevera.service.assortment.Sales, class software.jevera.service.assortment.Remove}', contextInitializerClasses = '[]', activeProfiles = '{}', propertySourceLocations = '{}', propertySourceProperties = '{}', contextCustomizers = set[org.springframework.boot.test.autoconfigure.properties.PropertyMappingContextCustomizer@0, org.springframework.boot.test.autoconfigure.web.servlet.WebDriverContextCustomizerFactory$Customizer@46372921, org.springframework.boot.test.context.filter.ExcludeFilterContextCustomizer@4da826fa, org.springframework.boot.test.json.DuplicateJsonObjectContextCustomizerFactory$DuplicateJsonObjectContextCustomizer@6765aa49, org.springframework.boot.test.mock.mockito.MockitoContextCustomizer@5e28ccfd], contextLoader = 'org.springframework.test.context.support.DelegatingSmartContextLoader', parent = [null]], attributes = map[[empty]]], class annotated with @DirtiesContext [false] with mode [null].
]]></system-out>
  <system-err><![CDATA[]]></system-err>
</testsuite>
