<?xml version="1.0" encoding="UTF-8"?>
<testsuite name="software.jevera.dao.impl.UserImplRepositoryTest" tests="3" skipped="0" failures="0" errors="0" timestamp="2019-04-30T06:45:52" hostname="Vlad" time="0.01">
  <properties/>
  <testcase name="save" classname="software.jevera.dao.impl.UserImplRepositoryTest" time="0.002"/>
  <testcase name="findUserByLogin" classname="software.jevera.dao.impl.UserImplRepositoryTest" time="0.002"/>
  <testcase name="isUserAlreadyExist" classname="software.jevera.dao.impl.UserImplRepositoryTest" time="0.003"/>
  <system-out><![CDATA[]]></system-out>
  <system-err><![CDATA[]]></system-err>
</testsuite>
